INFO: scarabug at Point2D.Double[14.599971704445519, 4.003530295313686] captured by [VacuumTower id (5) at 14,4:4-north]
INFO: scarabug at Point2D.Double[5.309594101488102, 4.985984525506414] captured by [VacuumTower id (4) at 4,3:4-southeast]
INFO: scarlite at Point2D.Double[11.5, 14.5] is looking to roam...
INFO: scarlite at Point2D.Double[11.5, 14.5] is ROAMING: 0.5
INFO: scarlite at Point2D.Double[1.5, 14.5] is looking to roam...
INFO: scarlite at Point2D.Double[1.5, 14.5] is ROAMING: 0.5
INFO: scarlite at Point2D.Double[1.5, 4.5] is looking to roam...
INFO: scarlite at Point2D.Double[11.5, 4.5] is looking to roam...
INFO: scarlite at Point2D.Double[2.5012632021600005, 5.501263202159999] is looking to roam...
INFO: scarlite at Point2D.Double[2.5012632021600005, 5.501263202159999] is ROAMING: 0.5
INFO: scarlite at Point2D.Double[12.501263202159999, 3.498736797840003] is looking to roam...
INFO: scarlite at Point2D.Double[13.501262402301137, 3.500001596686179] is looking to roam...
INFO: scarlite at Point2D.Double[14.50026240230023, 3.4999999995804334] is looking to roam...
INFO: scarlite at Point2D.Double[15.013262402299961, 3.4999999998480966] is looking to roam...
INFO: scarlite at Point2D.Double[15.188262402299852, 3.499999999878792] is looking to roam...
INFO: scarlite at Point2D.Double[15.188262402299852, 3.499999999878792] is ROAMING: 0.5
INFO: scarlite at Point2D.Double[15.163262402299825, 3.499999999917698] is looking to roam...
INFO: scarlite at Point2D.Double[15.138262402299784, 3.499999999923835] is looking to roam...
INFO: scarlite at Point2D.Double[15.138262402299784, 3.499999999923835] is ROAMING: 0.25
INFO: scarlite at Point2D.Double[15.214262402299713, 3.4999999999661355] is looking to roam...
INFO: scarlite at Point2D.Double[15.214262402299713, 3.4999999999661355] is looking to roam...
INFO:   -- invalid goal! 18,-1
INFO: scarlite at Point2D.Double[15.238262402299611, 3.499999999975671] is looking to roam...
INFO: scarlite at Point2D.Double[15.238262402299611, 3.499999999975671] is ROAMING: 0.125
INFO: scarlite at Point2D.Double[15.313262402299554, 3.4999999999942215] is looking to roam...
INFO: scarlite at Point2D.Double[15.313262402299554, 3.4999999999942215] is ROAMING: 0.0625
INFO: scarlite at Point2D.Double[5.500555921804047, 12.500556204364809] is looking to roam...
INFO: scarlite at Point2D.Double[1.4997829994852712, 1.4997831591975146] is looking to roam...
INFO:   -- invalid goal! -2,0
INFO: scarlite at Point2D.Double[16.500556055070664, 16.499443887778515] is looking to roam...
INFO: scarlite at Point2D.Double[16.500556055070664, 16.499443887778515] is ROAMING: 0.25
INFO: scarlite at Point2D.Double[2.5003391747475803, 2.5003391746935097] is looking to roam...
