INFO: scarabug at Point2D.Double[15.561657222554981, 4.07717140058184] captured by [VacuumTower id (5) at 14,4:2-north]
INFO: scarabug at Point2D.Double[15.461449229446938, 14.000216635265222] captured by [VacuumTower id (7) at 14,14:2-north]
INFO: scarlite at Point2D.Double[11.5, 14.5] is looking to roam...
INFO: scarlite at Point2D.Double[1.5, 14.5] is looking to roam...
INFO: scarlite at Point2D.Double[1.5, 14.5] is ROAMING: 0.5
INFO: scarlite at Point2D.Double[1.5, 4.5] is looking to roam...
INFO: scarlite at Point2D.Double[11.5, 4.5] is looking to roam...
INFO: scarlite at Point2D.Double[11.5, 4.5] is ROAMING: 0.5
INFO: scarlite at Point2D.Double[12.500556095378812, 13.499443904621188] is looking to roam...
INFO: scarlite at Point2D.Double[2.5005560953788137, 5.500556095378812] is looking to roam...
INFO: scarlite at Point2D.Double[13.500555940585034, 13.500000309328186] is looking to roam...
INFO: scarlite at Point2D.Double[3.5005559405855307, 5.499999690671817] is looking to roam...
INFO: scarlite at Point2D.Double[3.5005559405855307, 5.499999690671817] is ROAMING: 0.5
INFO: scarlite at Point2D.Double[14.50055594058449, 13.499999999828116] is looking to roam...
INFO: scarlite at Point2D.Double[14.50055594058449, 13.499999999828116] is ROAMING: 0.5
INFO: scarlite at Point2D.Double[14.967167592935816, 13.588388347571897] is looking to roam...
INFO: scarlite at Point2D.Double[14.967167592935816, 13.588388347571897] is looking to roam...
INFO: scarlite at Point2D.Double[15.50087429222759, 13.499854968946387] is looking to roam...
INFO: scarlite at Point2D.Double[14.479949965863884, 3.6783399574352558] is looking to roam...
INFO: scarlite at Point2D.Double[3.5642066956511336, 16.435815065920686] is looking to roam...
INFO: scarlite at Point2D.Double[3.5642066956511336, 16.435815065920686] is ROAMING: 0.25
INFO: scarlite at Point2D.Double[15.671485941850332, 13.588280912507152] is looking to roam...
INFO: scarlite at Point2D.Double[3.7186304101078154, 16.422522193039377] is looking to roam...
INFO:   -- invalid goal! 8,20
INFO: scarlite at Point2D.Double[15.500916349193623, 3.499856063552164] is looking to roam...
INFO: scarlite at Point2D.Double[16.500916338815948, 3.5000001320156127] is looking to roam...
INFO: scarlite at Point2D.Double[16.500916338815948, 3.5000001320156127] is ROAMING: 0.25
INFO: scarlite at Point2D.Double[17.50099897014359, 14.499999167576835] is looking to roam...
INFO:   -- invalid goal! 20,16
INFO: scarlite at Point2D.Double[6.500982144679773, 15.499999998847883] is looking to roam...
INFO: scarlite at Point2D.Double[7.500998518312052, 14.500000998036601] is looking to roam...
INFO: scarlite at Point2D.Double[7.500998518312052, 14.500000998036601] is ROAMING: 0.125
INFO: scarlite at Point2D.Double[8.500347940346465, 1.4996517111912855] is looking to roam...
INFO: scarlite at Point2D.Double[7.499084912576782, 2.5009150877420137] is looking to roam...
INFO: sqworm at Point2D.Double[15.991493898858156, 4.2302009842327895] captured by [VacuumTower id (5) at 14,4:4-northeast]
INFO: scarlite at Point2D.Double[6.498085332456107, 2.4999982463064576] is looking to roam...
INFO: scarlite at Point2D.Double[6.498085332456107, 2.4999982463064576] is ROAMING: 0.25
INFO: scarlite at Point2D.Double[6.499792768076652, 12.500207231851242] is looking to roam...
INFO: scarlite at Point2D.Double[3.9654736801049513, 2.5883883476478147] is looking to roam...
INFO: scarlite at Point2D.Double[3.9654736801049513, 2.5883883476478147] is ROAMING: 0.125
INFO: scarlite at Point2D.Double[3.955617583982958, 2.658121152734685] is looking to roam...
INFO: scarlite at Point2D.Double[16.500083762578225, 6.50003677622599] is looking to roam...
INFO: scarlite at Point2D.Double[16.500083762578225, 6.50003677622599] is ROAMING: 0.125
INFO: scarabug at Point2D.Double[5.400332761866867, 14.981461640703309] captured by [VacuumTower id (6) at 4,13:2-south]
INFO: scarabug at Point2D.Double[15.480382651418232, 14.032856747082114] captured by [VacuumTower id (7) at 14,14:2-north]
INFO: scarlite at Point2D.Double[6.704119155494762, 14.220345709058048] is looking to roam...
INFO: scarlite at Point2D.Double[14.873083763256194, 6.374999987418207] is looking to roam...
INFO: scarlite at Point2D.Double[14.873083763256194, 6.374999987418207] is ROAMING: 0.0625
INFO: scarlite at Point2D.Double[14.778264248219035, 6.28176883329129] is looking to roam...
INFO: scarlite at Point2D.Double[14.778264248219035, 6.28176883329129] is ROAMING: 0.03125
INFO: scarlite at Point2D.Double[14.699576805232155, 6.218480147620221] is looking to roam...
INFO: scarlite at Point2D.Double[11.5, 14.5] is looking to roam...
INFO: scarlite at Point2D.Double[1.5, 14.5] is looking to roam...
INFO: scarlite at Point2D.Double[1.5, 4.5] is looking to roam...
INFO: scarlite at Point2D.Double[1.5, 4.5] is ROAMING: 0.5
INFO: scarlite at Point2D.Double[11.5, 4.5] is looking to roam...
INFO: scarlite at Point2D.Double[12.500125353121263, 13.499497928022688] is looking to roam...
INFO: scarlite at Point2D.Double[12.500662796335414, 3.498738097094922] is looking to roam...
INFO: scarlite at Point2D.Double[12.500662796335414, 3.498738097094922] is ROAMING: 0.5
INFO: scarlite at Point2D.Double[2.5005560953788173, 15.500556095378812] is looking to roam...
INFO: scarlite at Point2D.Double[2.5005560953788173, 15.500556095378812] is ROAMING: 0.5
INFO: scarlite at Point2D.Double[15.963951767809824, 5.400399852467897] captured by [VacuumTower id (5) at 14,4:4-east]
INFO: scarlite at Point2D.Double[13.502125226799066, 13.50000106715055] is looking to roam...
INFO: scarlite at Point2D.Double[3.50034868897274, 5.500349038010704] is looking to roam...
INFO: scarlite at Point2D.Double[3.50034868897274, 5.500349038010704] is ROAMING: 0.25
INFO: scarlite at Point2D.Double[14.113661999079788, 3.6250003231664536] is looking to roam...
INFO: scarlite at Point2D.Double[14.113661999079788, 3.6250003231664536] is ROAMING: 0.25
INFO: scarlite at Point2D.Double[14.207854391100916, 3.7195242130907857] is looking to roam...
INFO: scarlite at Point2D.Double[14.207854391100916, 3.7195242130907857] is ROAMING: 0.125
INFO: scarlite at Point2D.Double[7.2879995736259655, 4.5000550049383214] is looking to roam...
INFO: scarlite at Point2D.Double[14.288599300842929, 3.7838508288869175] is looking to roam...
INFO: scarlite at Point2D.Double[14.288599300842929, 3.7838508288869175] is ROAMING: 0.0625
INFO: scarlite at Point2D.Double[14.34952460453503, 3.8270455272859785] is looking to roam...
INFO: scarlite at Point2D.Double[14.502125226798174, 13.499999997727294] is looking to roam...
INFO: scarlite at Point2D.Double[14.53562589979111, 4.013273946950676] captured by [VacuumTower id (5) at 14,4:4-north]
INFO: scarlite at Point2D.Double[1.4991352829180355, 13.499138259137801] is looking to roam...
INFO: scarlite at Point2D.Double[1.4991352829180355, 13.499138259137801] is ROAMING: 0.25
INFO: scarlite at Point2D.Double[15.500125226798328, 13.500000000000227] is looking to roam...
INFO: scarlite at Point2D.Double[16.502125226798526, 13.49999999999999] is looking to roam...
INFO: scarlite at Point2D.Double[16.499997879577354, 14.500997739454917] is looking to roam...
INFO: scarlite at Point2D.Double[17.501997380842273, 14.499998007138604] is looking to roam...
INFO: scarlite at Point2D.Double[17.501997380842273, 14.499998007138604] is ROAMING: 0.5
INFO: scarlite at Point2D.Double[3.5019687973525366, 12.501973843489285] is looking to roam...
INFO: scarlite at Point2D.Double[4.038967747132706, 12.62591180066136] is looking to roam...
INFO: scarlite at Point2D.Double[4.038967747132706, 12.62591180066136] is ROAMING: 0.125
INFO: scarlite at Point2D.Double[4.137364130014972, 12.724038917755188] is looking to roam...
INFO: scarlite at Point2D.Double[6.500001001494688, 3.5009994954991015] is looking to roam...
INFO: scarlite at Point2D.Double[6.49999860922798, 13.500999274097797] is looking to roam...
INFO: scarlite at Point2D.Double[6.49999860922798, 13.500999274097797] is ROAMING: 0.0625
INFO: scarlite at Point2D.Double[4.974000000001523, 12.625000000344329] is looking to roam...
INFO: scarlite at Point2D.Double[4.974000000001523, 12.625000000344329] is ROAMING: 0.03125
INFO: scarlite at Point2D.Double[4.965694119166513, 12.68788881509452] is looking to roam...
INFO: scarlite at Point2D.Double[4.965694119166513, 12.68788881509452] is ROAMING: 0.015625
INFO: scarlite at Point2D.Double[4.9613458448635575, 12.738861671979318] is looking to roam...
INFO: scarlite at Point2D.Double[5.960693586305455, 13.100416682335652] captured by [VacuumTower id (6) at 4,13:2-northeast]
INFO: scarabug at Point2D.Double[15.642554519633162, 4.046938122439128] captured by [VacuumTower id (5) at 14,4:2-north]
INFO: scarabug at Point2D.Double[15.667506801037764, 14.004658520530299] captured by [VacuumTower id (7) at 14,14:2-north]
INFO: scarlite at Point2D.Double[11.5, 14.5] is looking to roam...
INFO: scarlite at Point2D.Double[1.5, 14.5] is looking to roam...
INFO: scarlite at Point2D.Double[1.5, 4.5] is looking to roam...
INFO: scarlite at Point2D.Double[11.5, 4.5] is looking to roam...
INFO: scarlite at Point2D.Double[11.5, 4.5] is ROAMING: 0.5
INFO: scarabug at Point2D.Double[5.997303159858786, 14.62962749224869] captured by [VacuumTower id (6) at 4,13:2-east]
INFO: scarlite at Point2D.Double[12.500556095378812, 13.499443904621188] is looking to roam...
INFO: scarlite at Point2D.Double[12.500556095378812, 13.499443904621188] is ROAMING: 0.5
INFO: scarlite at Point2D.Double[2.500556095378813, 15.500556095378812] is looking to roam...
INFO: scarlite at Point2D.Double[2.500556095378813, 15.500556095378812] is ROAMING: 0.5
INFO: scarlite at Point2D.Double[2.500556095378813, 5.500556095378812] is looking to roam...
INFO: scarlite at Point2D.Double[2.500556095378813, 5.500556095378812] is ROAMING: 0.5
INFO: scarlite at Point2D.Double[2.625235962514478, 14.924556184341842] is looking to roam...
INFO: scarlite at Point2D.Double[2.625235962514478, 14.924556184341842] is ROAMING: 0.25
INFO: scarlite at Point2D.Double[2.7222260619702467, 14.829601218850357] is looking to roam...
INFO: scarlite at Point2D.Double[2.7222260619702467, 14.829601218850357] is ROAMING: 0.125
INFO: scarlite at Point2D.Double[2.678957279471616, 14.580028350059475] is looking to roam...
INFO: scarlite at Point2D.Double[13.50034868897188, 3.4996509619900866] is looking to roam...
INFO: scarlite at Point2D.Double[14.175348647825938, 3.624886644812465] is looking to roam...
INFO: scarlite at Point2D.Double[14.175348647825938, 3.624886644812465] is ROAMING: 0.25
INFO: scarlite at Point2D.Double[14.268681210561152, 3.713983542811791] is looking to roam...
INFO: scarlite at Point2D.Double[14.268681210561152, 3.713983542811791] is looking to roam...
INFO: scarlite at Point2D.Double[14.556093203329933, 4.007014852489618] captured by [VacuumTower id (5) at 14,4:4-north]
INFO: scarlite at Point2D.Double[13.500070854706674, 17.500070823264867] is looking to roam...
INFO: scarlite at Point2D.Double[2.500929142839082, 2.5000000658001227] is looking to roam...
INFO:   -- invalid goal! 0,-2
INFO: scarlite at Point2D.Double[5.957757698179146, 14.900101366685679] captured by [VacuumTower id (6) at 4,13:4-southeast]
INFO: scarlite at Point2D.Double[4.059929142839106, 2.6249999999440305] is looking to roam...
INFO: scarlite at Point2D.Double[4.257971943186563, 2.848631953158012] is looking to roam...
INFO:   -- invalid goal! 8,-1
INFO: scarlite at Point2D.Double[4.4505299237565925, 2.919581753169304] is looking to roam...
INFO: scarlite at Point2D.Double[4.543383884890878, 3.0074584195141725] captured by [VacuumTower id (4) at 4,3:4-north]
INFO: scarlite at Point2D.Double[15.500555914373276, 16.500000309342823] is looking to roam...
INFO: scarlite at Point2D.Double[16.499999444171703, 15.4990001545032] is looking to roam...
INFO: scarlite at Point2D.Double[16.499999444171703, 15.4990001545032] is ROAMING: 0.25
INFO: sqworm at Point2D.Double[5.986668097899033, 4.809886531069493] captured by [VacuumTower id (4) at 4,3:4-east]
INFO: scarabug at Point2D.Double[15.458638444453872, 4.034640618372768] captured by [VacuumTower id (5) at 14,4:2-north]
INFO: scarlite at Point2D.Double[16.34968648676454, 14.581380929681323] is looking to roam...
INFO: scarlite at Point2D.Double[16.34968648676454, 14.581380929681323] is ROAMING: 0.125
INFO: scarlite at Point2D.Double[16.31262521002094, 14.533770206602938] is looking to roam...
INFO: scarlite at Point2D.Double[16.31262521002094, 14.533770206602938] is ROAMING: 0.0625
INFO: scarlite at Point2D.Double[16.286039625740706, 14.516033161230226] is looking to roam...
INFO: scarlite at Point2D.Double[16.286039625740706, 14.516033161230226] is ROAMING: 0.03125
INFO: scarlite at Point2D.Double[16.26076003852945, 14.508560593182477] is looking to roam...
INFO:   -- invalid goal! 20,16
INFO: scarlite at Point2D.Double[11.5, 14.5] is looking to roam...
INFO: scarlite at Point2D.Double[11.5, 14.5] is ROAMING: 0.5
INFO: scarlite at Point2D.Double[1.5, 14.5] is looking to roam...
INFO: scarlite at Point2D.Double[1.5, 14.5] is ROAMING: 0.5
INFO: scarlite at Point2D.Double[1.5, 4.5] is looking to roam...
INFO: scarlite at Point2D.Double[1.5, 4.5] is ROAMING: 0.5
INFO: scarlite at Point2D.Double[11.5, 4.5] is looking to roam...
INFO: scarlite at Point2D.Double[11.5, 4.5] is ROAMING: 0.5
INFO: scarlite at Point2D.Double[14.232089737915594, 13.868404291884406] is looking to roam...
INFO: scarlite at Point2D.Double[14.232089737915594, 13.868404291884406] is ROAMING: 0.25
INFO: scarabug at Point2D.Double[5.999217483485202, 14.533889967831872] captured by [VacuumTower id (6) at 4,13:2-east]
INFO: scarlite at Point2D.Double[14.320729131486832, 13.7572480460511] is looking to roam...
INFO: scarlite at Point2D.Double[14.320729131486832, 13.7572480460511] is ROAMING: 0.125
INFO: scarlite at Point2D.Double[14.37847515517812, 13.799384322095094] is looking to roam...
INFO: scarlite at Point2D.Double[14.37847515517812, 13.799384322095094] is ROAMING: 0.0625
INFO: scarlite at Point2D.Double[14.41571017240895, 13.832653446748722] is looking to roam...
INFO: scarlite at Point2D.Double[14.77555450333423, 13.964625207052169] is looking to roam...
INFO: scarlite at Point2D.Double[1.5, 18.500999999997244] is looking to roam...
INFO:   -- invalid goal! -1,16
INFO: scarlite at Point2D.Double[2.5000559424641473, 17.499944001593565] is looking to roam...
INFO: scarlite at Point2D.Double[2.5000559424641473, 17.499944001593565] is ROAMING: 0.25
INFO: scarlite at Point2D.Double[5.944095828145441, 4.971169868062772] captured by [VacuumTower id (4) at 4,3:4-southeast]
INFO: scarlite at Point2D.Double[14.500055940895471, 6.499999999999643] is looking to roam...
INFO: scarlite at Point2D.Double[14.500055940895471, 6.499999999999643] is ROAMING: 0.25
INFO: scarlite at Point2D.Double[4.501527942043184, 15.499999192649941] is looking to roam...
INFO: scarlite at Point2D.Double[4.501527942043184, 15.499999192649941] is ROAMING: 0.125
INFO: scarlite at Point2D.Double[6.096139594394371, 15.411611652742163] is looking to roam...
INFO: scarlite at Point2D.Double[6.096139594394371, 15.411611652742163] is ROAMING: 0.0625
INFO: scarlite at Point2D.Double[6.203126817286131, 15.365982940687871] is looking to roam...
INFO: sqworm at Point2D.Double[5.9968934837053105, 4.583530759668916] captured by [VacuumTower id (4) at 4,3:4-east]
INFO: scarabug at Point2D.Double[15.461787703117306, 4.034376113782095] captured by [VacuumTower id (5) at 14,4:2-north]
INFO: scarabug at Point2D.Double[15.657818465848223, 14.007566010264313] captured by [VacuumTower id (7) at 14,14:2-north]
INFO: scarlite at Point2D.Double[11.5, 14.5] is looking to roam...
INFO: scarlite at Point2D.Double[1.5, 14.5] is looking to roam...
INFO:   -- invalid goal! -2,11
INFO: scarlite at Point2D.Double[1.5, 4.5] is looking to roam...
INFO: scarlite at Point2D.Double[1.5, 4.5] is ROAMING: 0.5
INFO: scarlite at Point2D.Double[11.5, 4.5] is looking to roam...
INFO: scarlite at Point2D.Double[12.102454977570861, 14.07432171772578] is looking to roam...
INFO: scarlite at Point2D.Double[12.102454977570861, 14.07432171772578] is ROAMING: 0.5
INFO: scarabug at Point2D.Double[5.992828418030923, 14.64296625406238] captured by [VacuumTower id (6) at 4,13:2-east]
INFO: scarlite at Point2D.Double[2.5012632021599988, 15.50126320216] is looking to roam...
INFO: scarlite at Point2D.Double[2.5012632021599988, 15.50126320216] is ROAMING: 0.5
INFO: scarlite at Point2D.Double[12.501263202159999, 3.498736797840003] is looking to roam...
INFO: scarlite at Point2D.Double[12.588570864258813, 14.071792832325968] is looking to roam...
INFO: scarlite at Point2D.Double[12.588570864258813, 14.071792832325968] is looking to roam...
INFO: scarlite at Point2D.Double[13.500262403101008, 3.500000331887497] is looking to roam...
INFO: scarlite at Point2D.Double[14.012262403100713, 3.625000161916592] is looking to roam...
INFO: scarlite at Point2D.Double[14.111911290441551, 3.7416276323264306] is looking to roam...
INFO: scarlite at Point2D.Double[14.21042981814892, 3.8494782971100463] is looking to roam...
INFO: scarlite at Point2D.Double[14.306948304887506, 3.9483214296050235] is looking to roam...
INFO: scarlite at Point2D.Double[14.306948304887506, 3.9483214296050235] is ROAMING: 0.5
INFO: scarlite at Point2D.Double[14.346498359127402, 3.9814748553105943] is looking to roam...
INFO: scarlite at Point2D.Double[14.346498359127402, 3.9814748553105943] is ROAMING: 0.25
INFO: scarlite at Point2D.Double[14.376873542554343, 4.011199736671074] captured by [VacuumTower id (5) at 14,4:4-north]
INFO: scarlite at Point2D.Double[14.143750054511035, 13.741305891311683] is looking to roam...
INFO: scarlite at Point2D.Double[14.430914955250941, 14.036339644518964] captured by [VacuumTower id (7) at 14,14:4-north]
INFO: scarlite at Point2D.Double[5.5005559218036595, 16.49944379563579] is looking to roam...
INFO: scarlite at Point2D.Double[5.500810167952876, 8.500810167952874] is looking to roam...
INFO: scarlite at Point2D.Double[5.500810167952876, 8.500810167952874] is ROAMING: 0.25
INFO: scarlite at Point2D.Double[6.500405051738593, 15.499594948375929] is looking to roam...
INFO: scarlite at Point2D.Double[6.500405051738593, 15.499594948375929] is ROAMING: 0.25
INFO: scarlite at Point2D.Double[6.703174370379726, 4.253046070187393] is looking to roam...
INFO: scarlite at Point2D.Double[6.703174370379726, 4.253046070187393] is ROAMING: 0.125
INFO: scarlite at Point2D.Double[6.563959180349654, 4.2264366193688385] is looking to roam...
INFO: scarlite at Point2D.Double[6.581044783540181, 4.061964635642056] is looking to roam...
INFO: scarlite at Point2D.Double[6.581044783540181, 4.061964635642056] is ROAMING: 0.0625
INFO: scarlite at Point2D.Double[6.47446332716668, 4.071907416304768] is looking to roam...
INFO: scarlite at Point2D.Double[6.47446332716668, 4.071907416304768] is ROAMING: 0.03125
INFO: scarlite at Point2D.Double[6.392029616439283, 4.083341622716876] is looking to roam...
INFO: scarlite at Point2D.Double[6.392029616439283, 4.083341622716876] is ROAMING: 0.015625
INFO: scarlite at Point2D.Double[6.328726129638207, 4.091755908071377] is looking to roam...
INFO: scarlite at Point2D.Double[6.411966625248217, 4.013556787992281] is looking to roam...
INFO: scarlite at Point2D.Double[6.972662217429912, 4.460303254409533] is looking to roam...
INFO: sqworm at Point2D.Double[5.984622737090522, 14.587010024757248] captured by [VacuumTower id (6) at 4,13:4-east]
INFO: scarabug at Point2D.Double[14.474525025961224, 14.033330923230999] captured by [VacuumTower id (7) at 14,14:2-north]
INFO: scarlite at Point2D.Double[11.5, 14.5] is looking to roam...
INFO: scarlite at Point2D.Double[11.5, 14.5] is ROAMING: 0.5
INFO: scarlite at Point2D.Double[1.5, 14.5] is looking to roam...
INFO:   -- invalid goal! -2,11
INFO: scarlite at Point2D.Double[1.5, 4.5] is looking to roam...
INFO: scarlite at Point2D.Double[11.5, 4.5] is looking to roam...
INFO: scarabug at Point2D.Double[5.981398832421016, 14.59631467514377] captured by [VacuumTower id (6) at 4,13:2-east]
INFO: scarabug at Point2D.Double[5.994304230302394, 4.582037145909323] captured by [VacuumTower id (4) at 4,3:2-east]
INFO: scarlite at Point2D.Double[2.5005560953788137, 15.500556095378812] is looking to roam...
INFO: scarlite at Point2D.Double[2.5005560953788137, 15.500556095378812] is ROAMING: 0.5
INFO: scarlite at Point2D.Double[2.5005560953788137, 5.500556095378812] is looking to roam...
INFO:   -- invalid goal! -1,1
INFO: scarlite at Point2D.Double[12.500556095378812, 3.499443904621188] is looking to roam...
INFO: scarlite at Point2D.Double[3.5025559402761086, 5.499998577862648] is looking to roam...
INFO: scarlite at Point2D.Double[13.502555940276107, 3.5000014221374585] is looking to roam...
INFO:   -- invalid goal! 17,-1
INFO: scarlite at Point2D.Double[14.119555940275543, 13.625000542430058] is looking to roam...
INFO: scarlite at Point2D.Double[14.119555940275543, 13.625000542430058] is ROAMING: 0.25
INFO: scarlite at Point2D.Double[14.119555940275543, 3.6250005424301595] is looking to roam...
INFO: scarlite at Point2D.Double[14.119555940275543, 3.6250005424301595] is ROAMING: 0.5
INFO: scarlite at Point2D.Double[14.214559300742248, 13.718785778294617] is looking to roam...
INFO: scarlite at Point2D.Double[14.214559300742248, 13.718785778294617] is ROAMING: 0.125
INFO: scarlite at Point2D.Double[14.214559300742248, 3.7187857782947145] is looking to roam...
INFO: scarlite at Point2D.Double[14.214559300742248, 3.7187857782947145] is ROAMING: 0.25
INFO: scarlite at Point2D.Double[14.293926930066604, 13.78295174657358] is looking to roam...
INFO: scarlite at Point2D.Double[14.293926930066604, 13.78295174657358] is ROAMING: 0.0625
INFO: scarlite at Point2D.Double[4.5394137540495025, 5.344556164598121] is looking to roam...
INFO: scarlite at Point2D.Double[14.293926930066604, 3.7829517465736444] is looking to roam...
INFO: scarlite at Point2D.Double[14.293926930066604, 3.7829517465736444] is ROAMING: 0.125
INFO: scarlite at Point2D.Double[14.353975696881836, 13.825500878755392] is looking to roam...
INFO: scarlite at Point2D.Double[14.353975696881829, 3.8255008787554576] is looking to roam...
INFO: scarlite at Point2D.Double[14.353975696881829, 3.8255008787554576] is ROAMING: 0.0625
INFO: scarlite at Point2D.Double[14.449208918130495, 13.92345215289609] is looking to roam...
INFO: scarlite at Point2D.Double[14.449208918130495, 13.92345215289609] is ROAMING: 0.03125
INFO: scarlite at Point2D.Double[14.394497674103114, 3.860173865287299] is looking to roam...
INFO: scarlite at Point2D.Double[14.394497674103114, 3.860173865287299] is ROAMING: 0.03125
INFO: scarlite at Point2D.Double[14.461356266345053, 13.94717805980531] is looking to roam...
INFO: scarlite at Point2D.Double[14.461356266345053, 13.94717805980531] is ROAMING: 0.015625
INFO: scarlite at Point2D.Double[14.42317077092546, 3.8872869227534697] is looking to roam...
INFO: scarlite at Point2D.Double[14.46987977062403, 13.973545662111619] is looking to roam...
INFO: scarlite at Point2D.Double[14.565282152807502, 14.054689243268676] captured by [VacuumTower id (7) at 14,14:4-north]
INFO: scarlite at Point2D.Double[14.596113938550758, 4.057829673576272] captured by [VacuumTower id (5) at 14,4:4-north]
INFO: scarlite at Point2D.Double[5.119925507429662, 5.306071959948255] is looking to roam...
INFO: scarlite at Point2D.Double[5.119925507429662, 5.306071959948255] is ROAMING: 0.5
INFO: scarlite at Point2D.Double[5.547996012646111, 5.4220348204789115] is looking to roam...
INFO: scarlite at Point2D.Double[5.845998342161813, 5.32143997573775] is looking to roam...
INFO: scarlite at Point2D.Double[5.845998342161813, 5.32143997573775] is ROAMING: 0.25
INFO: scarlite at Point2D.Double[5.187651163614699, 5.375835593143529] is looking to roam...
INFO: scarlite at Point2D.Double[5.187651163614699, 5.375835593143529] is ROAMING: 0.125
INFO: scarlite at Point2D.Double[5.280578140019356, 5.287775775280219] is looking to roam...
INFO: scarlite at Point2D.Double[6.186017337847725, 15.41152008113318] is looking to roam...
INFO: scarlite at Point2D.Double[6.186017337847725, 15.41152008113318] is ROAMING: 0.25
INFO: scarlite at Point2D.Double[6.192917792726835, 15.34998399806135] is looking to roam...
INFO: scarlite at Point2D.Double[6.192917792726835, 15.34998399806135] is ROAMING: 0.125
INFO: scarlite at Point2D.Double[6.1961779620427695, 15.30636784421963] is looking to roam...
INFO: scarlite at Point2D.Double[6.1961779620427695, 15.30636784421963] is ROAMING: 0.0625
INFO: scarlite at Point2D.Double[6.191275881360239, 15.271187045172198] is looking to roam...
INFO: scarlite at Point2D.Double[6.191275881360239, 15.271187045172198] is ROAMING: 0.03125
INFO: scarlite at Point2D.Double[6.184030662904799, 15.242938472920741] is looking to roam...
INFO: sqworm at Point2D.Double[5.992831549018662, 4.641807098725431] captured by [VacuumTower id (4) at 4,3:4-east]
INFO: sqworm at Point2D.Double[5.989384035086308, 14.588998234018398] captured by [VacuumTower id (6) at 4,13:4-east]
INFO: scarabug at Point2D.Double[15.50167174704486, 14.0328257613088] captured by [VacuumTower id (7) at 14,14:2-north]
INFO: scarabug at Point2D.Double[15.47566203695693, 4.034156907329361] captured by [VacuumTower id (5) at 14,4:2-north]
INFO: scarabug at Point2D.Double[5.97657772875705, 4.611935063040793] captured by [VacuumTower id (4) at 4,3:2-east]
INFO: scarlite at Point2D.Double[11.5, 14.5] is looking to roam...
INFO: scarlite at Point2D.Double[11.5, 14.5] is ROAMING: 0.5
INFO: scarlite at Point2D.Double[1.5, 14.5] is looking to roam...
INFO: scarlite at Point2D.Double[1.5, 4.5] is looking to roam...
INFO:   -- invalid goal! -2,4
INFO: scarlite at Point2D.Double[11.5, 4.5] is looking to roam...
INFO: scarlite at Point2D.Double[2.5009210049439394, 5.501091947728618] is looking to roam...
INFO: scarlite at Point2D.Double[2.5005560953788173, 15.500556095378812] is looking to roam...
INFO: scarlite at Point2D.Double[2.5005560953788173, 15.500556095378812] is ROAMING: 0.5
INFO: scarlite at Point2D.Double[12.500556095378812, 3.499443904621188] is looking to roam...
INFO: scarlite at Point2D.Double[3.5009204076698133, 5.499998994036368] is looking to roam...
INFO: scarlite at Point2D.Double[3.5009204076698133, 5.499998994036368] is ROAMING: 0.5
INFO: scarlite at Point2D.Double[12.50105649843392, 16.501055441935456] is looking to roam...
INFO:   -- invalid goal! 12,20
INFO: scarlite at Point2D.Double[13.501555940430908, 3.5000008657327513] is looking to roam...
INFO: scarlite at Point2D.Double[13.501555940430908, 3.5000008657327513] is ROAMING: 0.5
INFO: scarlite at Point2D.Double[14.270555940430917, 3.6250001989467506] is looking to roam...
INFO: scarlite at Point2D.Double[14.270555940430917, 3.6250001989467506] is ROAMING: 0.25
INFO: scarlite at Point2D.Double[14.358369797978298, 3.7021595632627555] is looking to roam...
INFO: scarlite at Point2D.Double[14.650786786253889, 3.887510854588175] is looking to roam...
INFO: scarlite at Point2D.Double[14.650786786253889, 3.887510854588175] is ROAMING: 0.125
INFO: scarlite at Point2D.Double[14.61452375251594, 3.9193175480467666] is looking to roam...
INFO: scarlite at Point2D.Double[14.61452375251594, 3.9193175480467666] is ROAMING: 0.0625
INFO: scarlite at Point2D.Double[14.588440275696978, 3.9488154421169206] is looking to roam...
INFO: scarlite at Point2D.Double[14.588440275696978, 3.9488154421169206] is ROAMING: 0.03125
INFO: scarlite at Point2D.Double[14.569106792400628, 3.9757021584921794] is looking to roam...
INFO: scarlite at Point2D.Double[14.599790979382043, 4.054742659884697] captured by [VacuumTower id (5) at 14,4:4-north]
INFO: scarlite at Point2D.Double[14.500980090184878, 16.500212389483732] is looking to roam...
INFO: scarlite at Point2D.Double[14.500980090184878, 16.500212389483732] is ROAMING: 0.25
INFO: scarlite at Point2D.Double[4.1519983370660825, 12.6242124895825] is looking to roam...
INFO: scarlite at Point2D.Double[4.1519983370660825, 12.6242124895825] is looking to roam...
INFO: scarlite at Point2D.Double[4.1519983370660825, 12.6242124895825] is ROAMING: 0.25
INFO: scarlite at Point2D.Double[4.247120659511587, 12.715260409048696] is looking to roam...
INFO: scarlite at Point2D.Double[4.44000394672098, 12.921710390897744] is looking to roam...
INFO: scarlite at Point2D.Double[4.44000394672098, 12.921710390897744] is ROAMING: 0.125
INFO: scarlite at Point2D.Double[4.454229806329522, 12.946717266542134] is looking to roam...
INFO: scarlite at Point2D.Double[4.5461910465397795, 13.032434569346137] captured by [VacuumTower id (6) at 4,13:4-north]
INFO: scarlite at Point2D.Double[4.500056657481109, 7.499943285942445] is looking to roam...
INFO: scarlite at Point2D.Double[13.500980112740603, 16.49999999999993] is looking to roam...
INFO: scarlite at Point2D.Double[13.500980112740603, 16.49999999999993] is ROAMING: 0.125
INFO: scarlite at Point2D.Double[5.500612781165408, 6.49938721886916] is looking to roam...
INFO: scarlite at Point2D.Double[5.500612781165408, 6.49938721886916] is ROAMING: 0.25
INFO: scarlite at Point2D.Double[12.49922659568104, 15.499227352962194] is looking to roam...
INFO: scarlite at Point2D.Double[12.49922659568104, 15.499227352962194] is ROAMING: 0.0625
INFO: scarlite at Point2D.Double[5.501069756176667, 5.4989306574386045] is looking to roam...
INFO: scarlite at Point2D.Double[6.500069183778127, 5.500000074060424] is looking to roam...
INFO: scarlite at Point2D.Double[15.588795949009334, 16.040987610498576] is looking to roam...
INFO: scarlite at Point2D.Double[15.58971621856621, 15.997587826873705] captured by [VacuumTower id (7) at 14,14:4-southeast]
INFO: sqworm at Point2D.Double[5.990180442283313, 4.595940063129701] captured by [VacuumTower id (4) at 4,3:4-east]
INFO: sqworm at Point2D.Double[5.997217145575014, 14.626777827127327] captured by [VacuumTower id (6) at 4,13:4-east]
INFO: scarabug at Point2D.Double[14.55244085477123, 4.027575703054083] captured by [VacuumTower id (5) at 14,4:2-north]
INFO: scarabug at Point2D.Double[14.592995987523334, 14.025056199677163] captured by [VacuumTower id (7) at 14,14:2-north]
INFO: scarabug at Point2D.Double[5.489770193221409, 14.94723290954953] captured by [VacuumTower id (6) at 4,13:2-south]
INFO: scarabug at Point2D.Double[5.982564810572262, 4.561747628760177] captured by [VacuumTower id (4) at 4,3:2-east]
INFO: scarlite at Point2D.Double[11.5, 14.5] is looking to roam...
INFO: scarlite at Point2D.Double[1.5, 14.5] is looking to roam...
INFO: scarlite at Point2D.Double[1.5, 14.5] is ROAMING: 0.5
INFO: scarlite at Point2D.Double[1.5, 4.5] is looking to roam...
INFO: scarlite at Point2D.Double[1.5, 4.5] is ROAMING: 0.5
INFO: scarlite at Point2D.Double[11.5, 4.5] is looking to roam...
INFO: scarlite at Point2D.Double[12.501970308941186, 13.498029691058818] is looking to roam...
INFO: scarlite at Point2D.Double[12.501970308941186, 13.498029691058818] is ROAMING: 0.5
INFO: scarlite at Point2D.Double[12.501970308941186, 3.4980296910588144] is looking to roam...
INFO: scarlite at Point2D.Double[13.501968360216438, 3.500003885934248] is looking to roam...
INFO: scarlite at Point2D.Double[11.498736256275429, 12.49874122641381] is looking to roam...
INFO: scarlite at Point2D.Double[11.498736256275429, 12.49874122641381] is ROAMING: 0.25
INFO: scarlite at Point2D.Double[14.183968360211225, 3.625001230500226] is looking to roam...
INFO: scarlite at Point2D.Double[14.183968360211225, 3.625001230500226] is ROAMING: 0.5
INFO: scarlite at Point2D.Double[14.279748252374965, 3.712117035153055] is looking to roam...
INFO: scarlite at Point2D.Double[14.279748252374965, 3.712117035153055] is looking to roam...
INFO:   -- invalid goal! 18,-1
INFO: scarlite at Point2D.Double[14.472490174434665, 3.918012776638598] is looking to roam...
INFO: scarlite at Point2D.Double[14.472490174434665, 3.918012776638598] is ROAMING: 0.25
INFO: scarlite at Point2D.Double[14.47912273465857, 3.9422307884419254] is looking to roam...
INFO: scarlite at Point2D.Double[14.47912273465857, 3.9422307884419254] is ROAMING: 0.125
INFO: scarlite at Point2D.Double[14.48388553739608, 3.9663431494067964] is looking to roam...
INFO: scarlite at Point2D.Double[14.572953160593077, 4.05046579017168] captured by [VacuumTower id (5) at 14,4:4-north]
INFO: scarlite at Point2D.Double[4.567788630048224, 12.834193048110492] is looking to roam...
INFO: scarlite at Point2D.Double[4.567788630048224, 12.834193048110492] is ROAMING: 0.25
INFO: scarlite at Point2D.Double[4.548306794341791, 12.863149005726257] is looking to roam...
INFO: scarlite at Point2D.Double[4.5997161005292355, 13.030691371106357] captured by [VacuumTower id (6) at 4,13:4-north]
INFO: scarlite at Point2D.Double[4.166262818801664, 2.62542414748804] is looking to roam...
INFO: scarlite at Point2D.Double[4.166262818801664, 2.62542414748804] is ROAMING: 0.25
INFO: scarlite at Point2D.Double[4.261742720375833, 2.7145411655134666] is looking to roam...
INFO: scarlite at Point2D.Double[4.261742720375833, 2.7145411655134666] is ROAMING: 0.125
INFO: scarlite at Point2D.Double[4.334568884523563, 2.7739641130062935] is looking to roam...
INFO: scarlite at Point2D.Double[4.334568884523563, 2.7739641130062935] is ROAMING: 0.0625
INFO: scarlite at Point2D.Double[4.387293928495315, 2.8116481938496207] is looking to roam...
INFO: scarlite at Point2D.Double[4.387293928495315, 2.8116481938496207] is looking to roam...
INFO:   -- invalid goal! 0,-1
INFO: scarlite at Point2D.Double[4.599305250255135, 3.075181061825127] captured by [VacuumTower id (4) at 4,3:4-north]
INFO: scarlite at Point2D.Double[15.11818794678629, 13.472137981455461] is looking to roam...
INFO: scarlite at Point2D.Double[15.11818794678629, 13.472137981455461] is ROAMING: 0.125
INFO: scarlite at Point2D.Double[15.126542359817122, 13.567585950635888] is looking to roam...
INFO: scarlite at Point2D.Double[15.191557801091541, 14.039315102006892] captured by [VacuumTower id (7) at 14,14:4-northeast]
INFO: sqworm at Point2D.Double[5.980449599046812, 4.598255264920105] captured by [VacuumTower id (4) at 4,3:4-east]
INFO: sqworm at Point2D.Double[5.976747838683819, 14.51935450311873] captured by [VacuumTower id (6) at 4,13:4-east]
INFO: scarabug at Point2D.Double[14.516725336096169, 14.03079424367009] captured by [VacuumTower id (7) at 14,14:2-north]
INFO: scarabug at Point2D.Double[14.516725336096087, 4.030794243670176] captured by [VacuumTower id (5) at 14,4:2-north]
INFO: scarabug at Point2D.Double[5.419558848134967, 14.962840462568067] captured by [VacuumTower id (6) at 4,13:2-south]
INFO: scarabug at Point2D.Double[5.976804725202646, 4.608575604305575] captured by [VacuumTower id (4) at 4,3:2-east]
INFO: scarlite at Point2D.Double[11.5, 14.5] is looking to roam...
INFO: scarlite at Point2D.Double[11.5, 14.5] is ROAMING: 0.5
INFO: scarlite at Point2D.Double[1.5, 14.5] is looking to roam...
INFO: scarlite at Point2D.Double[1.5, 14.5] is ROAMING: 0.5
INFO: scarlite at Point2D.Double[1.5, 4.5] is looking to roam...
INFO: scarlite at Point2D.Double[11.5, 4.5] is looking to roam...
INFO: scarlite at Point2D.Double[11.5, 4.5] is ROAMING: 0.5
INFO: scarlite at Point2D.Double[2.5005560953788297, 5.500556095378812] is looking to roam...
INFO: scarlite at Point2D.Double[3.502555940276128, 5.499998577862645] is looking to roam...
INFO: scarlite at Point2D.Double[3.502555940276128, 5.499998577862645] is ROAMING: 0.5
INFO: scarlite at Point2D.Double[4.501830188164148, 6.501834880612186] is looking to roam...
INFO: scarlite at Point2D.Double[14.500611851633504, 18.500611783292307] is looking to roam...
INFO: scarlite at Point2D.Double[5.500611907594974, 15.499388024201991] is looking to roam...
INFO: scarlite at Point2D.Double[5.500611907594974, 15.499388024201991] is ROAMING: 0.25
INFO: scarlite at Point2D.Double[6.062573065256926, 5.41092273484133] is looking to roam...
INFO: scarlite at Point2D.Double[5.926712280289848, 4.98683309014829] captured by [VacuumTower id (4) at 4,3:4-east]
INFO: scarlite at Point2D.Double[15.501968950206841, 17.498028639041685] is looking to roam...
INFO: scarlite at Point2D.Double[15.501968950206841, 17.498028639041685] is ROAMING: 0.25
INFO: scarlite at Point2D.Double[6.375396485878239, 14.746001966244169] is looking to roam...
INFO: scarlite at Point2D.Double[6.375396485878239, 14.746001966244169] is looking to roam...
INFO: scarlite at Point2D.Double[6.289221652293653, 14.621626178133337] is looking to roam...
INFO: scarlite at Point2D.Double[15.938060509409578, 5.9417336518797] captured by [VacuumTower id (5) at 14,4:4-southeast]
INFO: scarlite at Point2D.Double[6.212984216919372, 14.594505129319469] is looking to roam...
INFO: scarlite at Point2D.Double[6.212984216919372, 14.594505129319469] is ROAMING: 0.125
INFO: scarlite at Point2D.Double[6.183917585824046, 14.56291733530663] is looking to roam...
INFO: scarlite at Point2D.Double[6.183917585824046, 14.56291733530663] is ROAMING: 0.0625
INFO: scarlite at Point2D.Double[6.156012704238831, 14.543590204634512] is looking to roam...
INFO: scarlite at Point2D.Double[5.9817870323683255, 14.526095285616876] captured by [VacuumTower id (6) at 4,13:4-east]
INFO: scarlite at Point2D.Double[13.588388826095542, 14.967390742313981] is looking to roam...
INFO: scarlite at Point2D.Double[13.588388826095542, 14.967390742313981] is ROAMING: 0.125
INFO: scarlite at Point2D.Double[13.658009587193234, 14.956538081830217] is looking to roam...
INFO: scarlite at Point2D.Double[13.774375507810152, 14.638166002640759] is looking to roam...
INFO: scarlite at Point2D.Double[13.774375507810152, 14.638166002640759] is ROAMING: 0.0625
INFO: scarlite at Point2D.Double[13.684133895228435, 14.636602489228832] is looking to roam...
INFO: sqworm at Point2D.Double[5.990203347636095, 4.64720434373505] captured by [VacuumTower id (4) at 4,3:4-east]
INFO: sqworm at Point2D.Double[5.978510235555985, 14.604096375132222] captured by [VacuumTower id (6) at 4,13:4-east]
INFO: scarlite at Point2D.Double[17.501300152627095, 14.500267735233297] is looking to roam...
INFO: scarlite at Point2D.Double[17.501300152627095, 14.500267735233297] is ROAMING: 0.03125
INFO: scarlite at Point2D.Double[16.410774705347908, 13.898390140440839] is looking to roam...
INFO: scarabug at Point2D.Double[14.586795427057801, 4.025355030108557] captured by [VacuumTower id (5) at 14,4:2-north]
INFO: scarabug at Point2D.Double[5.487049376886834, 14.967109206803407] captured by [VacuumTower id (6) at 4,13:2-south]
INFO: scarabug at Point2D.Double[15.50133450061216, 14.034335783862655] captured by [VacuumTower id (7) at 14,14:2-north]
INFO: scarabug at Point2D.Double[5.572599186571411, 4.9731917530999095] captured by [VacuumTower id (4) at 4,3:2-south]
INFO: scarlite at Point2D.Double[11.5, 14.5] is looking to roam...
INFO: scarlite at Point2D.Double[1.5, 14.5] is looking to roam...
INFO: scarlite at Point2D.Double[1.5, 4.5] is looking to roam...
INFO: scarlite at Point2D.Double[1.5, 4.5] is ROAMING: 0.5
INFO: scarlite at Point2D.Double[11.5, 4.5] is looking to roam...
INFO: scarlite at Point2D.Double[11.5, 4.5] is ROAMING: 0.5
INFO: scarlite at Point2D.Double[12.501263202159999, 13.498736797840003] is looking to roam...
INFO: scarlite at Point2D.Double[2.5012632021600183, 15.50126320216] is looking to roam...
INFO: scarlite at Point2D.Double[13.50026240310186, 13.500000331887478] is looking to roam...
INFO: scarlite at Point2D.Double[3.5002624031014866, 15.499999668112672] is looking to roam...
INFO: scarlite at Point2D.Double[3.5002624031014866, 15.499999668112672] is ROAMING: 0.5
INFO: scarlite at Point2D.Double[12.500556095378812, 6.500556095378869] is looking to roam...
INFO: scarlite at Point2D.Double[12.500556095378812, 6.500556095378869] is ROAMING: 0.25
INFO: scarlite at Point2D.Double[14.031262403101888, 13.625000155608962] is looking to roam...
INFO: scarlite at Point2D.Double[14.031262403101888, 13.625000155608962] is ROAMING: 0.5
INFO: scarlite at Point2D.Double[1.5, 8.502000000000184] is looking to roam...
INFO: scarlite at Point2D.Double[1.5, 8.502000000000184] is ROAMING: 0.25
INFO: scarlite at Point2D.Double[15.129624798234733, 13.588387477867446] is looking to roam...
INFO: scarlite at Point2D.Double[15.140031166516568, 13.670403690529358] is looking to roam...
INFO: scarlite at Point2D.Double[15.140031166516568, 13.670403690529358] is ROAMING: 0.25
INFO: scarlite at Point2D.Double[15.142930920459989, 13.715577659693512] is looking to roam...
INFO: scarlite at Point2D.Double[15.142930920459989, 13.715577659693512] is ROAMING: 0.125
INFO: scarlite at Point2D.Double[15.140150207414763, 13.752281068552382] is looking to roam...
INFO: scarlite at Point2D.Double[15.257187645828179, 13.864078686163595] is looking to roam...
INFO: scarlite at Point2D.Double[15.257187645828179, 13.864078686163595] is ROAMING: 0.0625
INFO: scarlite at Point2D.Double[15.223174370427802, 13.870935742162448] is looking to roam...
INFO: scarlite at Point2D.Double[15.223174370427802, 13.870935742162448] is ROAMING: 0.03125
INFO: scarlite at Point2D.Double[15.195791752739034, 13.877578747973402] is looking to roam...
INFO: scarlite at Point2D.Double[15.212879516074452, 14.047701619826725] captured by [VacuumTower id (7) at 14,14:4-northeast]
INFO: scarlite at Point2D.Double[12.499999999999881, 3.4995562499824597] is looking to roam...
INFO: scarlite at Point2D.Double[5.500556015079457, 16.499443597188176] is looking to roam...
INFO:   -- invalid goal! 4,20
INFO: scarlite at Point2D.Double[13.500999901444846, 3.5000004437063197] is looking to roam...
INFO: scarlite at Point2D.Double[13.500999901444846, 3.5000004437063197] is ROAMING: 0.125
INFO: scarlite at Point2D.Double[14.130999901444863, 3.625000163891599] is looking to roam...
INFO: scarlite at Point2D.Double[14.130999901444863, 3.625000163891599] is ROAMING: 0.0625
INFO: scarlite at Point2D.Double[14.224765958942807, 3.718236561115887] is looking to roam...
INFO: scarlite at Point2D.Double[14.512792953110676, 4.013148238957488] captured by [VacuumTower id (5) at 14,4:4-north]
INFO: scarlite at Point2D.Double[6.165367831156102, 15.505618515968703] is looking to roam...
INFO: scarlite at Point2D.Double[6.013660829423635, 14.81243882041004] is looking to roam...
INFO: scarlite at Point2D.Double[6.013660829423635, 14.81243882041004] is ROAMING: 0.25
INFO: scarlite at Point2D.Double[5.971953682273972, 14.758929002020754] captured by [VacuumTower id (6) at 4,13:4-east]
INFO: scarlite at Point2D.Double[5.995397257278828, 5.60192911674854] is looking to roam...
INFO: scarlite at Point2D.Double[5.995397257278828, 5.60192911674854] is ROAMING: 0.125
INFO: scarlite at Point2D.Double[5.702619841381189, 5.332399509261258] is looking to roam...
