INFO: scarabug at Point2D.Double[5.840982699287856, 14.992104569883995] captured by [VacuumTower id (6) at 4,13:4-south]
INFO: scarabug at Point2D.Double[5.989227321001557, 4.945917413056273] captured by [VacuumTower id (4) at 4,3:4-south]
INFO: scarlite at Point2D.Double[11.5, 14.5] is looking to roam...
INFO: scarlite at Point2D.Double[1.5, 14.5] is looking to roam...
INFO: scarlite at Point2D.Double[1.5, 4.5] is looking to roam...
INFO: scarlite at Point2D.Double[1.5, 4.5] is ROAMING: 0.5
INFO: scarlite at Point2D.Double[11.5, 4.5] is looking to roam...
INFO: scarlite at Point2D.Double[11.5, 4.5] is ROAMING: 0.5
INFO: scarlite at Point2D.Double[12.502677415722374, 13.497322584277626] is looking to roam...
INFO: scarlite at Point2D.Double[12.502677415722374, 13.497322584277626] is ROAMING: 0.5
INFO: scarlite at Point2D.Double[2.502677415722413, 15.502677415722374] is looking to roam...
INFO: scarlite at Point2D.Double[2.502677415722413, 15.502677415722374] is ROAMING: 0.5
INFO: scarlite at Point2D.Double[11.49858578643763, 14.50141421356237] is looking to roam...
INFO: scarlite at Point2D.Double[11.49858578643763, 14.50141421356237] is ROAMING: 0.25
INFO: scarlite at Point2D.Double[3.501687314275313, 8.50168111544405] is looking to roam...
INFO: scarlite at Point2D.Double[3.501687314275313, 8.50168111544405] is ROAMING: 0.25
INFO: scarlite at Point2D.Double[6.025673812167836, 15.499999999984425] is looking to roam...
INFO: scarlite at Point2D.Double[6.025673812167836, 15.499999999984425] is ROAMING: 0.25
INFO: scarlite at Point2D.Double[6.000673812167838, 15.499999999987732] is looking to roam...
INFO: scarlite at Point2D.Double[15.500398977750233, 7.5003999895523314] is looking to roam...
INFO: scarlite at Point2D.Double[15.500398977750233, 7.5003999895523314] is ROAMING: 0.25
INFO: scarlite at Point2D.Double[2.4982996870997836, 7.498299697622] is looking to roam...
INFO: scarlite at Point2D.Double[16.50184536325666, 13.500000000051092] is looking to roam...
INFO: scarlite at Point2D.Double[16.374998855838513, 4.794031436054713] is looking to roam...
INFO: scarlite at Point2D.Double[16.374998855838513, 4.794031436054713] is ROAMING: 0.125
INFO: scarlite at Point2D.Double[16.288731695526888, 4.702922890189516] is looking to roam...
INFO: scarlite at Point2D.Double[16.288731695526888, 4.702922890189516] is ROAMING: 0.0625
INFO: scarlite at Point2D.Double[16.2351312562754, 4.634343718971721] is looking to roam...
INFO: scarlite at Point2D.Double[16.2351312562754, 4.634343718971721] is ROAMING: 0.03125
INFO: scarlite at Point2D.Double[16.2002071785793, 4.58865643166877] is looking to roam...
INFO: scarlite at Point2D.Double[16.2002071785793, 4.58865643166877] is ROAMING: 0.015625
INFO: scarlite at Point2D.Double[16.17110188159559, 4.560297906787913] is looking to roam...
INFO: scarlite at Point2D.Double[15.997662235815195, 4.535870462146384] captured by [VacuumTower id (5) at 14,4:4-east]
INFO: scarlite at Point2D.Double[5.50511011504538, 5.5000056823234456] is looking to roam...
INFO: scarlite at Point2D.Double[6.50111011502899, 5.4999999936595145] is looking to roam...
INFO: scarlite at Point2D.Double[6.50111011502899, 5.4999999936595145] is ROAMING: 0.125
INFO: sqworm at Point2D.Double[4.238202325048788, 14.998573633449837] captured by [VacuumTower id (6) at 4,13:4-south]
INFO: scarabug at Point2D.Double[5.555175846504467, 4.972169841113839] captured by [VacuumTower id (4) at 4,3:4-south]
INFO: scarlite at Point2D.Double[11.5, 14.5] is looking to roam...
INFO: scarlite at Point2D.Double[1.5, 14.5] is looking to roam...
INFO: scarlite at Point2D.Double[1.5, 4.5] is looking to roam...
INFO: scarlite at Point2D.Double[1.5, 4.5] is ROAMING: 0.5
INFO: scarlite at Point2D.Double[11.5, 4.5] is looking to roam...
INFO: scarlite at Point2D.Double[12.501970308941186, 13.498029691058818] is looking to roam...
INFO: scarlite at Point2D.Double[2.5019703089412006, 15.501970308941186] is looking to roam...
INFO: scarlite at Point2D.Double[2.5019703089412006, 15.501970308941186] is ROAMING: 0.5
INFO: scarlite at Point2D.Double[12.501970308941186, 3.4980296910588162] is looking to roam...
INFO: scarlite at Point2D.Double[13.500968362164965, 13.500001911739428] is looking to roam...
INFO: scarlite at Point2D.Double[13.500968362164965, 13.500001911739428] is ROAMING: 0.5
INFO: scarlite at Point2D.Double[13.500968362164965, 3.500001911739389] is looking to roam...
INFO: scarlite at Point2D.Double[14.501968362163051, 3.499999996233379] is looking to roam...
INFO: scarlite at Point2D.Double[14.501968362163051, 3.499999996233379] is ROAMING: 0.5
INFO: scarlite at Point2D.Double[5.955616547098854, 15.428782158209884] is looking to roam...
INFO: scarlite at Point2D.Double[5.955616547098854, 15.428782158209884] is ROAMING: 0.25
INFO: scarlite at Point2D.Double[5.490151791018809, 15.47233602406962] is looking to roam...
INFO: scarlite at Point2D.Double[5.490151791018809, 15.47233602406962] is looking to roam...
INFO: scarlite at Point2D.Double[5.490151791018809, 15.47233602406962] is ROAMING: 0.125
INFO: scarlite at Point2D.Double[5.444122165242305, 15.474499353679274] is looking to roam...
INFO: scarlite at Point2D.Double[12.49916536770218, 1.4991653649192003] is looking to roam...
INFO: scarlite at Point2D.Double[5.493990662001677, 15.488721801105271] is looking to roam...
INFO: scarlite at Point2D.Double[12.502757585402515, 12.50275758540323] is looking to roam...
INFO: scarlite at Point2D.Double[6.031321833148937, 2.4999997416622737] is looking to roam...
INFO: scarlite at Point2D.Double[6.031321833148937, 2.4999997416622737] is ROAMING: 0.25
INFO: scarlite at Point2D.Double[6.108321833148942, 2.499999853005674] is looking to roam...
INFO: scarlite at Point2D.Double[6.108321833148942, 2.499999853005674] is ROAMING: 0.125
INFO: scarlite at Point2D.Double[6.2813218331489455, 2.4999999648431555] is looking to roam...
INFO:   -- invalid goal! 9,-1
INFO: scarlite at Point2D.Double[13.500428568469964, 2.5004285684711913] is looking to roam...
INFO: scarlite at Point2D.Double[6.032262508567204, 2.876672686714281] is looking to roam...
INFO: scarlite at Point2D.Double[13.501192360438388, 13.501192360438477] is looking to roam...
INFO: scarlite at Point2D.Double[5.9330406406240925, 3.1318014300853747] captured by [VacuumTower id (4) at 4,3:4-east]
INFO: scarlite at Point2D.Double[14.501691770630533, 3.501691770630563] is looking to roam...
INFO: scarlite at Point2D.Double[14.501691770630533, 3.501691770630563] is ROAMING: 0.25
INFO: scarlite at Point2D.Double[14.503191646454393, 13.499996189863932] is looking to roam...
INFO: scarlite at Point2D.Double[14.503191646454393, 13.499996189863932] is ROAMING: 0.25
INFO: scarlite at Point2D.Double[6.920940398777132, 14.537483334703971] is looking to roam...
INFO: scarlite at Point2D.Double[6.920940398777132, 14.537483334703971] is ROAMING: 0.0625
