INFO: scarlite at Point2D.Double[11.5, 14.5] is looking to roam...
INFO: scarlite at Point2D.Double[11.5, 14.5] is ROAMING: 0.5
INFO: scarlite at Point2D.Double[1.5, 14.5] is looking to roam...
INFO: scarlite at Point2D.Double[1.5, 4.5] is looking to roam...
INFO: scarlite at Point2D.Double[1.5, 4.5] is ROAMING: 0.5
INFO: scarlite at Point2D.Double[11.5, 4.5] is looking to roam...
INFO: scarlite at Point2D.Double[2.5019703089412193, 15.501970308941189] is looking to roam...
INFO: scarlite at Point2D.Double[2.5019703089412193, 15.501970308941189] is ROAMING: 0.5
INFO: scarlite at Point2D.Double[12.501970308941189, 3.4980296910588127] is looking to roam...
INFO: scarlite at Point2D.Double[2.5017639588564613, 2.498237805102365] is looking to roam...
INFO: scarlite at Point2D.Double[13.50196836021625, 3.5000038859342606] is looking to roam...
INFO: scarlite at Point2D.Double[14.501968360208704, 3.499999992335958] is looking to roam...
INFO: scarlite at Point2D.Double[14.501968360208704, 3.499999992335958] is ROAMING: 0.5
INFO: scarlite at Point2D.Double[5.502762400697657, 2.5000000000151665] is looking to roam...
INFO: scarlite at Point2D.Double[5.502762400697657, 2.5000000000151665] is ROAMING: 0.25
INFO: scarlite at Point2D.Double[7.500537082740292, 16.499999170915252] is looking to roam...
INFO: scarlite at Point2D.Double[7.500537082740292, 16.499999170915252] is ROAMING: 0.25
INFO: scarlite at Point2D.Double[3.498119355308593, 1.4981170249399405] is looking to roam...
INFO: scarlite at Point2D.Double[15.438009437585244, 16.05650556907603] is looking to roam...
INFO: scarlite at Point2D.Double[15.530286302101004, 15.970041010881467] captured by [VacuumTower id (7) at 14,14:2-south]
INFO: scarlite at Point2D.Double[12.498446645073745, 7.5015502556537506] is looking to roam...
INFO: scarlite at Point2D.Double[6.500001388701815, 15.497000107851061] is looking to roam...
INFO: scarlite at Point2D.Double[4.500795604920798, 2.5007956067713373] is looking to roam...
INFO: scarlite at Point2D.Double[4.500795604920798, 2.5007956067713373] is ROAMING: 0.125
INFO: scarlite at Point2D.Double[6.3171506904790515, 14.787601489060556] is looking to roam...
INFO: scarlite at Point2D.Double[6.263978259004464, 14.742246075149364] is looking to roam...
INFO: scarlite at Point2D.Double[14.500418416651552, 6.5000001751818655] is looking to roam...
INFO: scarlite at Point2D.Double[6.22818929301188, 14.6003706074857] is looking to roam...
INFO: scarlite at Point2D.Double[6.0759897580410165, 14.562990694012637] is looking to roam...
INFO: scarlite at Point2D.Double[6.000742131336786, 14.550836285011432] is looking to roam...
INFO: scarlite at Point2D.Double[5.975684694482107, 14.547447469297307] captured by [VacuumTower id (6) at 4,13:2-east]
INFO: scarlite at Point2D.Double[16.499998744786822, 5.497000087798719] is looking to roam...
INFO: scarlite at Point2D.Double[16.499998744786822, 5.497000087798719] is ROAMING: 0.25
INFO: scarlite at Point2D.Double[5.99949734938726, 3.017170507935461] captured by [VacuumTower id (4) at 4,3:4-northeast]
INFO: scarlite at Point2D.Double[16.500000004836203, 5.497586833109009] is looking to roam...
INFO: scarlite at Point2D.Double[16.499999999988376, 4.497586833108976] is looking to roam...
INFO: scarlite at Point2D.Double[16.499999999988376, 4.497586833108976] is ROAMING: 0.125
INFO: scarlite at Point2D.Double[16.374999999990674, 4.295586833108969] is looking to roam...
INFO:   -- invalid goal! 21,4
INFO: scarlite at Point2D.Double[16.323083609820667, 4.329648032751354] is looking to roam...
INFO: scarabug at Point2D.Double[15.953708035536657, 4.048191123276943] captured by [VacuumTower id (5) at 14,4:4-northeast]
INFO: scarlite at Point2D.Double[16.704666453881895, 4.777572770604326] is looking to roam...
INFO: scarlite at Point2D.Double[16.704666453881895, 4.777572770604326] is ROAMING: 0.0625
INFO: scarlite at Point2D.Double[16.41148210561007, 3.6906743384331886] is looking to roam...
INFO: scarlite at Point2D.Double[16.703746777580232, 4.257381499677095] is looking to roam...
INFO:   -- invalid goal! 20,7
INFO: scarlite at Point2D.Double[11.5, 14.5] is looking to roam...
INFO: scarlite at Point2D.Double[1.5, 14.5] is looking to roam...
INFO: scarlite at Point2D.Double[1.5, 4.5] is looking to roam...
INFO: scarlite at Point2D.Double[1.5, 4.5] is ROAMING: 0.5
INFO: scarlite at Point2D.Double[11.5, 4.5] is looking to roam...
INFO: scarlite at Point2D.Double[11.5, 4.5] is ROAMING: 0.5
INFO: scarlite at Point2D.Double[12.500556095378812, 13.499443904621188] is looking to roam...
INFO: scarlite at Point2D.Double[12.500556095378812, 13.499443904621188] is ROAMING: 0.5
INFO: scarlite at Point2D.Double[2.500556095378866, 15.500556095378837] is looking to roam...
INFO: scarlite at Point2D.Double[2.500556095378866, 15.500556095378837] is ROAMING: 0.5
INFO: scarlite at Point2D.Double[13.193671752343926, 3.983104942952723] is looking to roam...
INFO: scarlite at Point2D.Double[13.193671752343926, 3.983104942952723] is looking to roam...
INFO: scarlite at Point2D.Double[12.499998021457884, 12.49644405987873] is looking to roam...
INFO: scarlite at Point2D.Double[12.499998021457884, 12.49644405987873] is ROAMING: 0.25
INFO: scarlite at Point2D.Double[13.705217659712556, 3.7974355960376975] is looking to roam...
INFO: scarlite at Point2D.Double[13.955611197398756, 3.64858784277901] is looking to roam...
INFO: scarlite at Point2D.Double[13.956053797390261, 3.622519924020466] is looking to roam...
INFO: scarlite at Point2D.Double[13.956053797390261, 3.622519924020466] is ROAMING: 0.25
INFO: scarlite at Point2D.Double[4.501261178662387, 15.498736012871621] is looking to roam...
INFO: scarlite at Point2D.Double[13.501986406394987, 14.501983537910817] is looking to roam...
INFO: scarlite at Point2D.Double[13.501986406394987, 14.501983537910817] is ROAMING: 0.125
INFO: scarlite at Point2D.Double[5.510362616231253, 15.156790585523144] is looking to roam...
INFO:   -- invalid goal! 5,20
INFO: scarlite at Point2D.Double[5.60295265064779, 15.06390110602258] is looking to roam...
INFO: scarlite at Point2D.Double[5.60295265064779, 15.06390110602258] is ROAMING: 0.25
INFO: scarlite at Point2D.Double[5.579517062131702, 15.038172316304877] is looking to roam...
INFO: scarlite at Point2D.Double[5.667110465821416, 14.957119962772587] captured by [VacuumTower id (6) at 4,13:2-south]
INFO: scarlite at Point2D.Double[6.5001115715159585, 2.5000000000000444] is looking to roam...
INFO: scarlite at Point2D.Double[6.500251954560424, 3.5013824050069022] is looking to roam...
INFO: scarlite at Point2D.Double[14.505787553732926, 3.5000045634317782] is looking to roam...
INFO: scarlite at Point2D.Double[14.505787553732926, 3.5000045634317782] is ROAMING: 0.125
INFO: scarlite at Point2D.Double[6.375098806434378, 4.108382385687008] is looking to roam...
INFO: scarlite at Point2D.Double[6.375098806434378, 4.108382385687008] is ROAMING: 0.25
INFO: scarlite at Point2D.Double[6.280788320917475, 4.204606882052476] is looking to roam...
INFO: scarlite at Point2D.Double[6.2520046128410875, 4.227918363525548] is looking to roam...
INFO: scarlite at Point2D.Double[6.198815489637147, 4.2686890245272355] is looking to roam...
INFO: scarlite at Point2D.Double[15.029399206078235, 3.5883901020021476] is looking to roam...
INFO: scarlite at Point2D.Double[15.029399206078235, 3.5883901020021476] is ROAMING: 0.0625
INFO: scarlite at Point2D.Double[15.038309490833107, 3.658503435766356] is looking to roam...
INFO: scarlite at Point2D.Double[6.192851680055815, 4.345288634482561] is looking to roam...
INFO: scarlite at Point2D.Double[6.192851680055815, 4.345288634482561] is ROAMING: 0.125
INFO: scarlite at Point2D.Double[6.1562686404469815, 4.389824475276022] is looking to roam...
INFO: scarlite at Point2D.Double[6.1562686404469815, 4.389824475276022] is ROAMING: 0.0625
INFO: scarlite at Point2D.Double[15.090505263816247, 4.05302405608559] captured by [VacuumTower id (5) at 14,4:2-northeast]
INFO: scarlite at Point2D.Double[6.126496449138127, 4.420347654204207] is looking to roam...
INFO: scarlite at Point2D.Double[15.317840539691122, 16.15276838669766] is looking to roam...
INFO: scarlite at Point2D.Double[15.317840539691122, 16.15276838669766] is ROAMING: 0.0625
INFO: scarlite at Point2D.Double[15.363367390919102, 16.114551483077467] is looking to roam...
INFO: scarlite at Point2D.Double[15.550768428532262, 15.939222857414297] captured by [VacuumTower id (7) at 14,14:2-south]
INFO: scarlite at Point2D.Double[5.975828061921607, 4.448331505716681] captured by [VacuumTower id (4) at 4,3:2-east]
INFO: scarabug at Point2D.Double[15.965899987947775, 14.052338933325302] captured by [VacuumTower id (7) at 14,14:4-northeast]
INFO: scarlite at Point2D.Double[11.5, 14.5] is looking to roam...
INFO: scarlite at Point2D.Double[1.5, 14.5] is looking to roam...
INFO: scarlite at Point2D.Double[1.5, 14.5] is ROAMING: 0.5
INFO: scarlite at Point2D.Double[1.5, 4.5] is looking to roam...
INFO: scarlite at Point2D.Double[11.5, 4.5] is looking to roam...
INFO: scarlite at Point2D.Double[11.5, 4.5] is ROAMING: 0.5
INFO: scarlite at Point2D.Double[12.501970308941186, 13.498029691058818] is looking to roam...
INFO: scarlite at Point2D.Double[12.501970308941186, 13.498029691058818] is ROAMING: 0.5
INFO: scarlite at Point2D.Double[2.501970308941191, 5.5019703089411856] is looking to roam...
INFO: scarlite at Point2D.Double[2.501970308941191, 5.5019703089411856] is ROAMING: 0.5
INFO: scarlite at Point2D.Double[15.123111570895716, 6.374999533022958] is looking to roam...
INFO: scarlite at Point2D.Double[15.123111570895716, 6.374999533022958] is ROAMING: 0.25
INFO: scarlite at Point2D.Double[15.218976474029912, 6.281794506636125] is looking to roam...
INFO: scarlite at Point2D.Double[15.507051056601131, 5.986713087502796] captured by [VacuumTower id (5) at 14,4:2-south]
INFO: scarlite at Point2D.Double[5.500810167952899, 18.500810167952878] is looking to roam...
INFO:   -- invalid goal! 10,22
INFO: scarlite at Point2D.Double[6.501883893464578, 8.501888939451131] is looking to roam...
INFO: scarlite at Point2D.Double[6.501883893464578, 8.501888939451131] is ROAMING: 0.25
INFO: scarlite at Point2D.Double[14.50201239744749, 16.497987602639554] is looking to roam...
INFO: scarlite at Point2D.Double[15.103011175590517, 16.374199489792854] is looking to roam...
INFO: scarlite at Point2D.Double[6.349121959242735, 14.700643841622671] is looking to roam...
INFO: scarlite at Point2D.Double[6.298419700922661, 14.667763774363923] is looking to roam...
INFO: scarlite at Point2D.Double[6.298419700922661, 14.667763774363923] is ROAMING: 0.25
INFO: scarlite at Point2D.Double[6.247208499534969, 14.606353570005464] is looking to roam...
INFO: scarlite at Point2D.Double[15.587090695570069, 15.987374790035453] captured by [VacuumTower id (7) at 14,14:2-south]
INFO: scarlite at Point2D.Double[6.374999999999927, 4.8098907143678] is looking to roam...
INFO: scarlite at Point2D.Double[6.374999999999927, 4.8098907143678] is ROAMING: 0.125
INFO: scarlite at Point2D.Double[6.287408176609663, 4.7171511417855445] is looking to roam...
INFO: scarlite at Point2D.Double[6.287408176609663, 4.7171511417855445] is ROAMING: 0.0625
INFO: scarlite at Point2D.Double[6.232364719276456, 4.645694286704288] is looking to roam...
INFO: scarlite at Point2D.Double[6.232364719276456, 4.645694286704288] is ROAMING: 0.03125
INFO: scarlite at Point2D.Double[6.195194059450683, 4.597882081101961] is looking to roam...
INFO: scarlite at Point2D.Double[6.047620257745221, 14.557109307891015] is looking to roam...
INFO: scarlite at Point2D.Double[5.9954798505979205, 14.549661244022492] captured by [VacuumTower id (6) at 4,13:2-east]
INFO: scarlite at Point2D.Double[5.9929321132191, 4.553980563607869] captured by [VacuumTower id (4) at 4,3:2-east]
INFO: sqworm at Point2D.Double[15.939313129875256, 4.000442861650448] captured by [VacuumTower id (5) at 14,4:2-northeast]
INFO: scarabug at Point2D.Double[5.981243412060813, 4.981148282108476] captured by [VacuumTower id (4) at 4,3:2-southeast]
INFO: scarlite at Point2D.Double[11.5, 14.5] is looking to roam...
INFO: scarlite at Point2D.Double[11.5, 14.5] is ROAMING: 0.5
INFO: scarlite at Point2D.Double[1.5, 14.5] is looking to roam...
INFO: scarlite at Point2D.Double[1.5, 14.5] is ROAMING: 0.5
INFO: scarlite at Point2D.Double[1.5, 4.5] is looking to roam...
INFO:   -- invalid goal! -1,1
INFO: scarlite at Point2D.Double[11.5, 4.5] is looking to roam...
INFO: scarlite at Point2D.Double[2.5005560953788395, 5.500556095378812] is looking to roam...
INFO: scarlite at Point2D.Double[2.5005560953788395, 5.500556095378812] is ROAMING: 0.5
INFO: scarlite at Point2D.Double[12.500556095378812, 3.499443904621188] is looking to roam...
INFO: scarlite at Point2D.Double[13.495420333206521, 3.633447640235268] is looking to roam...
INFO:   -- invalid goal! 8,-1
INFO: scarlite at Point2D.Double[14.501520415373328, 3.4995884008229066] is looking to roam...
INFO: scarlite at Point2D.Double[14.501520415373328, 3.4995884008229066] is ROAMING: 0.5
INFO: scarlite at Point2D.Double[12.50299799400605, 16.499994004012066] is looking to roam...
INFO: scarlite at Point2D.Double[12.50299799400605, 16.499994004012066] is ROAMING: 0.25
INFO: scarlite at Point2D.Double[4.2148181132774525, 12.624480223667582] is looking to roam...
INFO: scarlite at Point2D.Double[4.2148181132774525, 12.624480223667582] is looking to roam...
INFO: scarlite at Point2D.Double[4.509401663331322, 12.82538384621187] is looking to roam...
INFO: scarlite at Point2D.Double[4.599370617487337, 13.001564000991419] captured by [VacuumTower id (6) at 4,13:2-north]
INFO: scarlite at Point2D.Double[13.624381568613245, 4.0819999710611015] is looking to roam...
INFO: scarlite at Point2D.Double[13.624381568613245, 4.0819999710611015] is ROAMING: 0.25
INFO: scarlite at Point2D.Double[13.595005482263744, 4.006732740912035] is looking to roam...
INFO: scarlite at Point2D.Double[13.595005482263744, 4.006732740912035] is ROAMING: 0.125
INFO: scarlite at Point2D.Double[5.296506307655596, 5.258908744866387] is looking to roam...
INFO: scarlite at Point2D.Double[5.296506307655596, 5.258908744866387] is ROAMING: 0.25
INFO: scarlite at Point2D.Double[5.362296918691781, 5.211854851244347] is looking to roam...
INFO: scarlite at Point2D.Double[5.73353316511465, 4.976643886805645] captured by [VacuumTower id (4) at 4,3:2-south]
INFO: scarlite at Point2D.Double[15.240997993988142, 16.37499999999057] is looking to roam...
INFO: scarlite at Point2D.Double[15.240997993988142, 16.37499999999057] is ROAMING: 0.125
INFO: scarlite at Point2D.Double[15.331057983283952, 16.293464909147723] is looking to roam...
INFO: scarlite at Point2D.Double[15.331057983283952, 16.293464909147723] is ROAMING: 0.0625
INFO: scarlite at Point2D.Double[15.395638794372704, 16.24741627923792] is looking to roam...
INFO:   -- invalid goal! 20,17
INFO: scarlite at Point2D.Double[15.67821359155695, 15.972138405297688] captured by [VacuumTower id (7) at 14,14:2-south]
INFO: scarlite at Point2D.Double[15.56367947776894, 5.972525627889182] captured by [VacuumTower id (5) at 14,4:2-south]
INFO: scarabug at Point2D.Double[15.97401523610257, 14.063183995543582] captured by [VacuumTower id (7) at 14,14:4-east]
INFO: scarabug at Point2D.Double[15.994839386296743, 4.224451828210592] captured by [VacuumTower id (5) at 14,4:4-east]
INFO: scarlite at Point2D.Double[11.5, 14.5] is looking to roam...
INFO: scarlite at Point2D.Double[11.5, 14.5] is ROAMING: 0.5
INFO: scarlite at Point2D.Double[1.5, 14.5] is looking to roam...
INFO:   -- invalid goal! -2,14
INFO: scarlite at Point2D.Double[1.5, 4.5] is looking to roam...
INFO: scarlite at Point2D.Double[11.5, 4.5] is looking to roam...
INFO: scarlite at Point2D.Double[11.5, 4.5] is ROAMING: 0.5
INFO: scarlite at Point2D.Double[12.502000000000033, 4.5] is looking to roam...
INFO: scarlite at Point2D.Double[12.502000000000033, 4.5] is ROAMING: 0.25
INFO: scarlite at Point2D.Double[2.5012632021600147, 15.50126320216] is looking to roam...
INFO: scarlite at Point2D.Double[2.5012632021600147, 15.50126320216] is ROAMING: 0.5
INFO: scarlite at Point2D.Double[2.5012632021600147, 5.501263202159999] is looking to roam...
INFO: scarlite at Point2D.Double[3.501262402301621, 5.4999984033136755] is looking to roam...
INFO: scarlite at Point2D.Double[4.501262402300239, 5.500000002018133] is looking to roam...
INFO: scarlite at Point2D.Double[3.501187048325006, 17.501185547899663] is looking to roam...
INFO: scarlite at Point2D.Double[3.501187048325006, 17.501185547899663] is ROAMING: 0.25
INFO: scarlite at Point2D.Double[5.204262402300266, 5.375000000597522] is looking to roam...
INFO: scarlite at Point2D.Double[5.303800300733448, 5.2596024365126315] is looking to roam...
INFO: scarlite at Point2D.Double[5.303800300733448, 5.2596024365126315] is ROAMING: 0.5
INFO: scarlite at Point2D.Double[5.367029592848041, 5.2120753777159265] is looking to roam...
INFO: scarlite at Point2D.Double[5.367029592848041, 5.2120753777159265] is ROAMING: 0.25
INFO: scarlite at Point2D.Double[5.409376027332996, 5.178769322371043] is looking to roam...
INFO: scarlite at Point2D.Double[5.409376027332996, 5.178769322371043] is ROAMING: 0.125
INFO: scarlite at Point2D.Double[5.437342269521324, 5.1528999901679615] is looking to roam...
INFO: scarlite at Point2D.Double[5.437342269521324, 5.1528999901679615] is ROAMING: 0.0625
INFO: scarlite at Point2D.Double[5.454751631347035, 5.124341237157106] is looking to roam...
INFO: scarlite at Point2D.Double[5.454751631347035, 5.124341237157106] is ROAMING: 0.03125
INFO: scarlite at Point2D.Double[5.466829851948779, 5.099616441405736] is looking to roam...
INFO: scarlite at Point2D.Double[5.6478482951513715, 4.931551821573079] captured by [VacuumTower id (4) at 4,3:2-south]
INFO: scarlite at Point2D.Double[16.501260134770547, 17.4987360354775] is looking to roam...
INFO:   -- invalid goal! 15,20
INFO: scarlite at Point2D.Double[5.474943021090871, 14.966842718640937] captured by [VacuumTower id (6) at 4,13:2-south]
INFO: scarlite at Point2D.Double[16.49999857985537, 6.497443942497746] is looking to roam...
INFO: scarlite at Point2D.Double[16.076804631920023, 15.461266853674474] is looking to roam...
INFO: scarlite at Point2D.Double[16.076804631920023, 15.461266853674474] is ROAMING: 0.25
INFO: scarlite at Point2D.Double[16.05039256208152, 15.4702901583061] is looking to roam...
INFO: scarlite at Point2D.Double[16.05039256208152, 15.4702901583061] is looking to roam...
INFO: scarlite at Point2D.Double[16.05039256208152, 15.4702901583061] is ROAMING: 0.125
INFO: scarlite at Point2D.Double[16.02417712548596, 15.47681779440154] is looking to roam...
INFO: scarlite at Point2D.Double[15.942969402757122, 15.401086729228808] captured by [VacuumTower id (7) at 14,14:2-east]
INFO: scarlite at Point2D.Double[15.964451837758862, 5.552888474600023] captured by [VacuumTower id (5) at 14,4:2-east]
INFO: sqworm at Point2D.Double[15.400613574368538, 4.03472639601906] captured by [VacuumTower id (5) at 14,4:4-north]
INFO: scarabug at Point2D.Double[15.979558837397555, 14.37429410119293] captured by [VacuumTower id (7) at 14,14:4-east]
INFO: scarlite at Point2D.Double[11.5, 14.5] is looking to roam...
INFO: scarlite at Point2D.Double[11.5, 14.5] is ROAMING: 0.5
INFO: scarlite at Point2D.Double[1.5, 14.5] is looking to roam...
INFO: scarlite at Point2D.Double[1.5, 4.5] is looking to roam...
INFO:   -- invalid goal! -2,0
INFO: scarlite at Point2D.Double[11.5, 4.5] is looking to roam...
INFO: scarabug at Point2D.Double[15.998835104705122, 4.39173969067831] captured by [VacuumTower id (5) at 14,4:4-east]
INFO: scarlite at Point2D.Double[2.5005560953788217, 15.500556095378812] is looking to roam...
INFO: scarlite at Point2D.Double[2.5005560953788217, 15.500556095378812] is ROAMING: 0.5
INFO: scarlite at Point2D.Double[2.5005560953788217, 5.500556095378812] is looking to roam...
INFO:   -- invalid goal! -1,10
INFO: scarlite at Point2D.Double[12.500556095378812, 3.499443904621188] is looking to roam...
INFO:   -- invalid goal! 12,-1
INFO: scarlite at Point2D.Double[3.500555940585704, 5.499999690672064] is looking to roam...
INFO: scarlite at Point2D.Double[13.500555940585695, 3.5000003093280423] is looking to roam...
INFO: scarlite at Point2D.Double[13.500555940585695, 3.5000003093280423] is looking to roam...
INFO: scarlite at Point2D.Double[13.500555940585695, 3.5000003093280423] is ROAMING: 0.5
INFO: scarlite at Point2D.Double[4.514901375077655, 5.333092800608611] is looking to roam...
INFO: scarlite at Point2D.Double[13.499999443973348, 4.5010001546384455] is looking to roam...
INFO: scarlite at Point2D.Double[5.261998814328724, 5.338830044545006] is looking to roam...
INFO: scarlite at Point2D.Double[14.297999601000523, 13.624797999601036] is looking to roam...
INFO: scarlite at Point2D.Double[14.297999601000523, 13.624797999601036] is ROAMING: 0.25
INFO: scarlite at Point2D.Double[5.36116202127449, 5.226739668405754] is looking to roam...
INFO: scarlite at Point2D.Double[14.383073177546176, 13.697238637221595] is looking to roam...
INFO: scarlite at Point2D.Double[14.383073177546176, 13.697238637221595] is looking to roam...
INFO: scarlite at Point2D.Double[14.383073177546176, 13.697238637221595] is ROAMING: 0.125
INFO: scarlite at Point2D.Double[5.4584019291083425, 5.125072056291698] is looking to roam...
INFO: scarlite at Point2D.Double[14.435087726451474, 13.734497616585955] is looking to roam...
INFO: scarlite at Point2D.Double[14.435087726451474, 13.734497616585955] is ROAMING: 0.0625
INFO: scarlite at Point2D.Double[5.5543738357944665, 5.0346175788240295] is looking to roam...
INFO: scarlite at Point2D.Double[5.644096791038768, 4.953774020055494] captured by [VacuumTower id (4) at 4,3:2-south]
INFO: scarlite at Point2D.Double[14.461765890190176, 13.763121916435278] is looking to roam...
INFO: scarlite at Point2D.Double[14.5999333551278, 14.030353587684722] captured by [VacuumTower id (7) at 14,14:2-north]
INFO: scarlite at Point2D.Double[14.182608862529118, 3.740660293691956] is looking to roam...
INFO: scarlite at Point2D.Double[14.182608862529118, 3.740660293691956] is ROAMING: 0.25
INFO: scarlite at Point2D.Double[14.261495560499025, 3.805844836798256] is looking to roam...
INFO: scarlite at Point2D.Double[14.261495560499025, 3.805844836798256] is ROAMING: 0.125
INFO: scarlite at Point2D.Double[14.32298999808107, 3.851987787991801] is looking to roam...
INFO: scarlite at Point2D.Double[14.511139828416525, 4.034944020117022] captured by [VacuumTower id (5) at 14,4:2-north]
INFO: scarlite at Point2D.Double[4.167998296098684, 12.624248696692291] is looking to roam...
INFO: scarlite at Point2D.Double[4.266570382160501, 12.740053923752061] is looking to roam...
INFO: scarlite at Point2D.Double[4.553392211599101, 13.027473487983965] captured by [VacuumTower id (6) at 4,13:2-north]
INFO: sqworm at Point2D.Double[15.551074263103175, 14.078343253106649] captured by [VacuumTower id (7) at 14,14:4-north]
INFO: sqworm at Point2D.Double[5.471340284908109, 4.966085850922617] captured by [VacuumTower id (4) at 4,3:4-south]
INFO: sqworm at Point2D.Double[15.471340284909022, 4.0339141490773045] captured by [VacuumTower id (5) at 14,4:4-north]
INFO: sqworm at Point2D.Double[5.9775903658407294, 14.59618494108906] captured by [VacuumTower id (6) at 4,13:4-east]
INFO: scarabug at Point2D.Double[15.988006694979486, 14.20359448875966] captured by [VacuumTower id (7) at 14,14:4-east]
INFO: scarlite at Point2D.Double[11.5, 14.5] is looking to roam...
INFO: scarlite at Point2D.Double[1.5, 14.5] is looking to roam...
INFO: scarlite at Point2D.Double[1.5, 14.5] is ROAMING: 0.5
INFO: scarlite at Point2D.Double[1.5, 4.5] is looking to roam...
INFO: scarlite at Point2D.Double[1.5, 4.5] is ROAMING: 0.5
INFO: scarlite at Point2D.Double[11.5, 4.5] is looking to roam...
INFO: scarlite at Point2D.Double[11.5, 4.5] is ROAMING: 0.5
INFO: scarabug at Point2D.Double[15.977448144564399, 4.3390654618521936] captured by [VacuumTower id (5) at 14,4:4-east]
INFO: scarlite at Point2D.Double[12.501970308941186, 13.498029691058818] is looking to roam...
INFO: scarlite at Point2D.Double[12.501970308941186, 13.498029691058818] is ROAMING: 0.5
INFO: scarlite at Point2D.Double[3.5011121907576523, 16.501112190757624] is looking to roam...
INFO: scarlite at Point2D.Double[3.5011121907576523, 16.501112190757624] is ROAMING: 0.25
INFO: scarlite at Point2D.Double[14.203968362163636, 13.62500056648392] is looking to roam...
INFO: scarlite at Point2D.Double[14.588446477718445, 14.025287854886365] captured by [VacuumTower id (7) at 14,14:2-north]
INFO: scarlite at Point2D.Double[16.50261159550654, 1.5000015988871844] is looking to roam...
INFO:   -- invalid goal! 21,2
INFO: scarlite at Point2D.Double[16.499997393139598, 2.5009981852679033] is looking to roam...
INFO: scarlite at Point2D.Double[16.499997393139598, 2.5009981852679033] is ROAMING: 0.25
INFO: scarlite at Point2D.Double[4.286555404612971, 12.740354159385891] is looking to roam...
INFO: scarlite at Point2D.Double[4.571951314235192, 13.026594848764283] captured by [VacuumTower id (6) at 4,13:2-north]
INFO: scarlite at Point2D.Double[6.501112038042711, 6.498887962714205] is looking to roam...
INFO: scarlite at Point2D.Double[15.474261877640927, 3.5258720692132144] is looking to roam...
INFO: scarlite at Point2D.Double[15.494849561555348, 3.689166627342434] is looking to roam...
INFO: scarlite at Point2D.Double[15.494849561555348, 3.689166627342434] is ROAMING: 0.125
INFO: scarlite at Point2D.Double[15.420632423585044, 3.5876322272568615] is looking to roam...
INFO: scarlite at Point2D.Double[15.443309897800898, 3.740697330987226] is looking to roam...
INFO: scarlite at Point2D.Double[15.471668969934157, 4.0198820890035005] captured by [VacuumTower id (5) at 14,4:2-northeast]
INFO: scarlite at Point2D.Double[6.3749995628799905, 4.852888582405658] is looking to roam...
INFO: scarlite at Point2D.Double[6.344461329658694, 4.8232579459452385] is looking to roam...
INFO: scarlite at Point2D.Double[6.31480103919783, 4.796586991987866] is looking to roam...
INFO: scarlite at Point2D.Double[6.31480103919783, 4.796586991987866] is ROAMING: 0.25
INFO: scarlite at Point2D.Double[6.243825704274817, 4.710069158200149] is looking to roam...
INFO: scarlite at Point2D.Double[6.243825704274817, 4.710069158200149] is ROAMING: 0.125
INFO: scarlite at Point2D.Double[6.041094339493682, 4.565245107194432] is looking to roam...
INFO: scarlite at Point2D.Double[6.041094339493682, 4.565245107194432] is ROAMING: 0.0625
INFO: scarlite at Point2D.Double[6.116083179620242, 4.536811608907733] is looking to roam...
INFO: scarlite at Point2D.Double[6.116083179620242, 4.536811608907733] is ROAMING: 0.03125
INFO: scarlite at Point2D.Double[6.089631200420751, 4.527362397495873] is looking to roam...
INFO: scarlite at Point2D.Double[5.989572598144315, 4.520549444224557] captured by [VacuumTower id (4) at 4,3:2-east]
INFO: sqworm at Point2D.Double[14.599240377061733, 14.060744075478741] captured by [VacuumTower id (7) at 14,14:2-north]
INFO: sqworm at Point2D.Double[5.4765157308013155, 4.96626894950054] captured by [VacuumTower id (4) at 4,3:4-south]
INFO: sqworm at Point2D.Double[15.46660210930514, 4.070756942730668] captured by [VacuumTower id (5) at 14,4:4-north]
INFO: sqworm at Point2D.Double[5.401019462886614, 14.99418365400155] captured by [VacuumTower id (6) at 4,13:4-south]
INFO: scarlite at Point2D.Double[11.5, 14.5] is looking to roam...
INFO: scarlite at Point2D.Double[1.5, 14.5] is looking to roam...
INFO: scarlite at Point2D.Double[1.5, 14.5] is ROAMING: 0.5
INFO: scarlite at Point2D.Double[1.5, 4.5] is looking to roam...
INFO: scarlite at Point2D.Double[11.5, 4.5] is looking to roam...
INFO: scarlite at Point2D.Double[12.501263202159999, 13.498736797840003] is looking to roam...
INFO: scarlite at Point2D.Double[2.501263202160011, 5.501263202159999] is looking to roam...
INFO: scarlite at Point2D.Double[2.501263202160011, 5.501263202159999] is ROAMING: 0.5
INFO: scarlite at Point2D.Double[12.501263202159999, 3.498736797840003] is looking to roam...
INFO: scarlite at Point2D.Double[12.501263202159999, 3.498736797840003] is ROAMING: 0.5
INFO: scarabug at Point2D.Double[15.984318380619928, 4.265118884895827] captured by [VacuumTower id (5) at 14,4:4-east]
INFO: scarlite at Point2D.Double[13.501262402302054, 13.500001596686328] is looking to roam...
INFO: scarlite at Point2D.Double[14.172403288176145, 3.700646249448944] is looking to roam...
INFO: scarlite at Point2D.Double[14.172403288176145, 3.700646249448944] is ROAMING: 0.25
INFO: scarlite at Point2D.Double[14.257679510702292, 3.773416316731412] is looking to roam...
INFO: scarlite at Point2D.Double[14.257679510702292, 3.773416316731412] is ROAMING: 0.125
INFO: scarlite at Point2D.Double[14.323343040574304, 3.8243265006650233] is looking to roam...
INFO: scarlite at Point2D.Double[14.323343040574304, 3.8243265006650233] is ROAMING: 0.0625
INFO: scarlite at Point2D.Double[14.23726240230138, 13.6250004200398] is looking to roam...
INFO: scarlite at Point2D.Double[14.370698073949992, 3.862386861753947] is looking to roam...
INFO: scarlite at Point2D.Double[14.370698073949992, 3.862386861753947] is ROAMING: 0.03125
INFO: scarlite at Point2D.Double[14.336776007276526, 13.740149408678235] is looking to roam...
INFO: scarlite at Point2D.Double[14.404303602041601, 3.8932026354648315] is looking to roam...
INFO: scarlite at Point2D.Double[14.436669380341929, 13.844526265910691] is looking to roam...
INFO: scarlite at Point2D.Double[14.436669380341929, 13.844526265910691] is ROAMING: 0.5
INFO: scarlite at Point2D.Double[14.588523538273488, 4.066063061965508] captured by [VacuumTower id (5) at 14,4:2-north]
INFO: scarlite at Point2D.Double[14.45438683788116, 13.873141144142139] is looking to roam...
INFO: scarlite at Point2D.Double[14.550453011079949, 13.963858635964705] is looking to roam...
INFO: scarlite at Point2D.Double[14.599097058842982, 14.045404381935331] captured by [VacuumTower id (7) at 14,14:2-north]
INFO: scarlite at Point2D.Double[2.5016752401449907, 12.501678590625254] is looking to roam...
INFO: scarlite at Point2D.Double[4.501969552697178, 6.49802855881155] is looking to roam...
INFO: scarabug at Point2D.Double[15.983999085073691, 14.500161125435461] captured by [VacuumTower id (7) at 14,14:4-east]
INFO: scarlite at Point2D.Double[4.034673827995833, 12.62499947243952] is looking to roam...
INFO: scarlite at Point2D.Double[4.034673827995833, 12.62499947243952] is ROAMING: 0.25
INFO: scarlite at Point2D.Double[4.130284248929541, 12.724315870494298] is looking to roam...
INFO: scarlite at Point2D.Double[4.130284248929541, 12.724315870494298] is ROAMING: 0.125
INFO: scarlite at Point2D.Double[4.386768010407815, 12.693700703823524] is looking to roam...
INFO: scarlite at Point2D.Double[4.386768010407815, 12.693700703823524] is ROAMING: 0.0625
INFO: scarlite at Point2D.Double[5.323857904880999, 5.409384531467106] is looking to roam...
INFO: scarlite at Point2D.Double[5.323857904880999, 5.409384531467106] is ROAMING: 0.25
INFO: scarlite at Point2D.Double[4.4377395402521875, 12.73150607586216] is looking to roam...
INFO: scarlite at Point2D.Double[4.4377395402521875, 12.73150607586216] is ROAMING: 0.03125
INFO: scarlite at Point2D.Double[5.41367014378916, 5.330588013395436] is looking to roam...
INFO: scarlite at Point2D.Double[4.463970108733815, 12.758971685634222] is looking to roam...
INFO: scarlite at Point2D.Double[4.463970108733815, 12.758971685634222] is ROAMING: 0.015625
INFO: scarlite at Point2D.Double[5.513463937415073, 5.221150749457866] is looking to roam...
INFO: scarlite at Point2D.Double[4.477612260176804, 12.785916131462038] is looking to roam...
INFO: scarlite at Point2D.Double[5.788179024249009, 4.962757849123598] captured by [VacuumTower id (4) at 4,3:2-south]
INFO: scarlite at Point2D.Double[4.599288056766382, 13.061451251264518] captured by [VacuumTower id (6) at 4,13:2-north]
INFO: sqworm at Point2D.Double[5.591200884116352, 4.935047431952725] captured by [VacuumTower id (4) at 4,3:4-south]
INFO: sqworm at Point2D.Double[5.4719796194817505, 14.966371256472673] captured by [VacuumTower id (6) at 4,13:4-south]
INFO: sqworm at Point2D.Double[15.400341031692168, 4.0045184422897435] captured by [VacuumTower id (5) at 14,4:4-north]
INFO: sqworm at Point2D.Double[15.490963474440058, 14.070271994140793] captured by [VacuumTower id (7) at 14,14:4-north]
INFO: scarlite at Point2D.Double[11.5, 14.5] is looking to roam...
INFO: scarlite at Point2D.Double[1.5, 14.5] is looking to roam...
INFO: scarlite at Point2D.Double[1.5, 14.5] is ROAMING: 0.5
INFO: scarlite at Point2D.Double[1.5, 4.5] is looking to roam...
INFO: scarlite at Point2D.Double[1.5, 4.5] is ROAMING: 0.5
INFO: scarlite at Point2D.Double[11.5, 4.5] is looking to roam...
INFO: scarlite at Point2D.Double[12.500556095378812, 13.499443904621188] is looking to roam...
INFO: scarlite at Point2D.Double[12.500556095378812, 3.499443904621188] is looking to roam...
INFO:   -- invalid goal! 17,-1
INFO: scarlite at Point2D.Double[13.500555940585695, 13.500000309327945] is looking to roam...
INFO: scarlite at Point2D.Double[13.500555940585695, 3.500000309328044] is looking to roam...
INFO: scarlite at Point2D.Double[13.500555940585695, 3.500000309328044] is ROAMING: 0.5
INFO: scarlite at Point2D.Double[14.051555940585711, 13.62500013879339] is looking to roam...
INFO: scarlite at Point2D.Double[1.5, 1.4979999999998839] is looking to roam...
INFO:   -- invalid goal! -2,-3
INFO: scarlite at Point2D.Double[14.15018932988945, 13.741488117032873] is looking to roam...
INFO: scarlite at Point2D.Double[14.15018932988945, 13.741488117032873] is ROAMING: 0.5
INFO: scarlite at Point2D.Double[14.231661330344004, 13.810244778387837] is looking to roam...
INFO: scarlite at Point2D.Double[14.231661330344004, 13.810244778387837] is ROAMING: 0.25
INFO: scarlite at Point2D.Double[14.298387510618237, 13.858098055411304] is looking to roam...
INFO: scarlite at Point2D.Double[14.298387510618237, 13.858098055411304] is ROAMING: 0.125
INFO: scarlite at Point2D.Double[14.34695673690036, 13.896830852730549] is looking to roam...
INFO: scarlite at Point2D.Double[14.34695673690036, 13.896830852730549] is looking to roam...
INFO: scarlite at Point2D.Double[14.532387661488833, 14.072588469370245] captured by [VacuumTower id (7) at 14,14:2-north]
INFO: scarlite at Point2D.Double[13.500000068601334, 6.500282210718206] is looking to roam...
INFO: scarlite at Point2D.Double[3.5012829976561797, 2.49768666004244] is looking to roam...
INFO: scarabug at Point2D.Double[15.976107380391905, 14.457251063731707] captured by [VacuumTower id (7) at 14,14:4-east]
INFO: scarlite at Point2D.Double[4.394658385734411, 2.950475144912133] is looking to roam...
INFO: scarlite at Point2D.Double[4.394658385734411, 2.950475144912133] is ROAMING: 0.25
INFO: scarlite at Point2D.Double[4.418339457176696, 2.9742071496947666] is looking to roam...
INFO: scarlite at Point2D.Double[14.50000002877983, 6.499999999991864] is looking to roam...
INFO: scarlite at Point2D.Double[14.50000002877983, 6.499999999991864] is ROAMING: 0.25
INFO: scarlite at Point2D.Double[4.505345412336405, 3.061063162399952] captured by [VacuumTower id (4) at 4,3:2-north]
INFO: scarabug at Point2D.Double[15.989515019982214, 4.490676748422979] captured by [VacuumTower id (5) at 14,4:4-east]
INFO: scarlite at Point2D.Double[6.501261850419871, 17.498736103300924] is looking to roam...
INFO: scarlite at Point2D.Double[6.501261850419871, 17.498736103300924] is ROAMING: 0.25
INFO: scarlite at Point2D.Double[15.692720394333385, 5.98281055742963] captured by [VacuumTower id (5) at 14,4:2-south]
INFO: scarlite at Point2D.Double[5.162594636624688, 15.374863301795148] is looking to roam...
INFO: scarlite at Point2D.Double[5.162594636624688, 15.374863301795148] is ROAMING: 0.125
INFO: scarlite at Point2D.Double[5.255416365984612, 15.284288968943898] is looking to roam...
INFO: scarlite at Point2D.Double[5.255416365984612, 15.284288968943898] is ROAMING: 0.0625
INFO: scarlite at Point2D.Double[5.33191504076729, 15.226757130001516] is looking to roam...
INFO: sqworm at Point2D.Double[14.599688754285772, 14.033277497014204] captured by [VacuumTower id (7) at 14,14:2-north]
INFO: sqworm at Point2D.Double[15.400509084743629, 4.04010199474947] captured by [VacuumTower id (5) at 14,4:2-north]
INFO: scarlite at Point2D.Double[5.997053327378477, 14.682024597911354] captured by [VacuumTower id (6) at 4,13:2-east]
INFO: sqworm at Point2D.Double[5.508489439081023, 4.969202947532384] captured by [VacuumTower id (4) at 4,3:4-south]
INFO: sqworm at Point2D.Double[5.798019825984223, 14.99349267775817] captured by [VacuumTower id (6) at 4,13:4-south]
INFO: scarabug at Point2D.Double[15.974083376449105, 14.387207446575573] captured by [VacuumTower id (7) at 14,14:4-east]
INFO: scarabug at Point2D.Double[15.986817721892276, 4.419872194938055] captured by [VacuumTower id (5) at 14,4:4-east]
INFO: scarlite at Point2D.Double[11.5, 14.5] is looking to roam...
INFO: scarlite at Point2D.Double[1.5, 14.5] is looking to roam...
INFO: scarlite at Point2D.Double[1.5, 14.5] is ROAMING: 0.5
INFO: scarlite at Point2D.Double[1.5, 4.5] is looking to roam...
INFO: scarlite at Point2D.Double[11.5, 4.5] is looking to roam...
INFO: scarlite at Point2D.Double[12.501970308941186, 13.498029691058818] is looking to roam...
INFO: scarlite at Point2D.Double[2.501970308941191, 5.5019703089411856] is looking to roam...
INFO: scarlite at Point2D.Double[2.501970308941191, 5.5019703089411856] is looking to roam...
INFO:   -- invalid goal! -1,1
INFO: scarlite at Point2D.Double[12.501970308941186, 3.4980296910588162] is looking to roam...
INFO: scarlite at Point2D.Double[12.501970308941186, 3.4980296910588162] is ROAMING: 0.5
INFO: scarlite at Point2D.Double[13.500968362164922, 13.500001911739428] is looking to roam...
INFO: scarlite at Point2D.Double[3.500968362165392, 5.4999980882605755] is looking to roam...
INFO: scarlite at Point2D.Double[14.082968362163815, 13.625000798028609] is looking to roam...
INFO: scarlite at Point2D.Double[14.183577672217293, 13.741125735743509] is looking to roam...
INFO: scarlite at Point2D.Double[14.183577672217293, 13.741125735743509] is ROAMING: 0.5
INFO: scarlite at Point2D.Double[14.262320366859164, 13.806120835605778] is looking to roam...
INFO: scarlite at Point2D.Double[14.262320366859164, 13.806120835605778] is ROAMING: 0.25
INFO: scarlite at Point2D.Double[14.323647791371382, 13.852133830328349] is looking to roam...
INFO: scarlite at Point2D.Double[14.323647791371382, 13.852133830328349] is looking to roam...
INFO: scarlite at Point2D.Double[4.502968362163546, 5.500000005680182] is looking to roam...
INFO: scarlite at Point2D.Double[14.51187130525972, 14.035301612946647] captured by [VacuumTower id (7) at 14,14:2-north]
INFO: scarlite at Point2D.Double[4.1688181896814, 12.624396383589755] is looking to roam...
INFO: scarlite at Point2D.Double[4.1688181896814, 12.624396383589755] is ROAMING: 0.25
INFO: scarlite at Point2D.Double[4.264304490185532, 12.713530432939699] is looking to roam...
INFO: scarlite at Point2D.Double[4.264304490185532, 12.713530432939699] is ROAMING: 0.125
INFO: scarlite at Point2D.Double[4.337672826506585, 12.772061739365398] is looking to roam...
INFO: scarlite at Point2D.Double[4.5989710570014966, 13.048263943498139] captured by [VacuumTower id (6) at 4,13:2-north]
INFO: scarlite at Point2D.Double[5.182968362163573, 5.375000001806171] is looking to roam...
INFO: scarlite at Point2D.Double[5.182968362163573, 5.375000001806171] is ROAMING: 0.5
INFO: scarlite at Point2D.Double[5.27599831521643, 5.286680075892614] is looking to roam...
INFO: scarlite at Point2D.Double[5.27599831521643, 5.286680075892614] is ROAMING: 0.25
INFO: scarlite at Point2D.Double[5.349862856589713, 5.232022307359294] is looking to roam...
INFO: scarlite at Point2D.Double[5.349862856589713, 5.232022307359294] is ROAMING: 0.125
INFO: scarlite at Point2D.Double[5.398740450485796, 5.194263242790612] is looking to roam...
INFO: scarlite at Point2D.Double[5.398740450485796, 5.194263242790612] is ROAMING: 0.0625
INFO: scarlite at Point2D.Double[5.429866372012606, 5.163242905532641] is looking to roam...
INFO: scarlite at Point2D.Double[5.429866372012606, 5.163242905532641] is ROAMING: 0.03125
INFO: scarlite at Point2D.Double[5.450051195532813, 5.1351633517731] is looking to roam...
INFO: scarlite at Point2D.Double[5.450051195532813, 5.1351633517731] is ROAMING: 0.015625
INFO: scarlite at Point2D.Double[5.463886679745437, 5.111220659161518] is looking to roam...
INFO: scarlite at Point2D.Double[5.645781723849899, 4.941179821938295] captured by [VacuumTower id (4) at 4,3:2-south]
INFO: scarlite at Point2D.Double[15.649368558698654, 5.993943483688293] captured by [VacuumTower id (5) at 14,4:2-south]
INFO: sqworm at Point2D.Double[5.407019988990628, 14.997845451704091] captured by [VacuumTower id (6) at 4,13:4-south]
INFO: sqworm at Point2D.Double[15.40057133820643, 4.067844925237711] captured by [VacuumTower id (5) at 14,4:4-north]
INFO: sqworm at Point2D.Double[15.401435156718435, 14.008031086082788] captured by [VacuumTower id (7) at 14,14:4-north]
INFO: sqworm at Point2D.Double[5.401692293980451, 4.946371375365624] captured by [VacuumTower id (4) at 4,3:4-south]
INFO: scarabug at Point2D.Double[15.98424149641982, 14.389749709794959] captured by [VacuumTower id (7) at 14,14:4-east]
INFO: scarabug at Point2D.Double[15.982449173496185, 4.403226991268591] captured by [VacuumTower id (5) at 14,4:4-east]
INFO: scarlite at Point2D.Double[11.5, 14.5] is looking to roam...
INFO: scarlite at Point2D.Double[1.5, 14.5] is looking to roam...
INFO:   -- invalid goal! -1,19
INFO: scarlite at Point2D.Double[1.5, 4.5] is looking to roam...
INFO: scarlite at Point2D.Double[1.5, 4.5] is ROAMING: 0.5
INFO: scarlite at Point2D.Double[11.5, 4.5] is looking to roam...
INFO: scarlite at Point2D.Double[12.501263202159999, 13.498736797840003] is looking to roam...
INFO: scarlite at Point2D.Double[2.5012632021600103, 15.50126320216] is looking to roam...
INFO:   -- invalid goal! -1,15
INFO: scarlite at Point2D.Double[12.501263202159999, 3.498736797840003] is looking to roam...
INFO:   -- invalid goal! 10,-1
INFO: scarlite at Point2D.Double[3.216148157939525, 2.9606285373571346] is looking to roam...
INFO: scarlite at Point2D.Double[3.216148157939525, 2.9606285373571346] is ROAMING: 0.25
INFO: scarlite at Point2D.Double[13.502650819537998, 3.58827990683497] is looking to roam...
INFO: scarlite at Point2D.Double[13.502650819537998, 3.58827990683497] is ROAMING: 0.5
INFO: scarlite at Point2D.Double[3.356473650949056, 2.9647344257880945] is looking to roam...
INFO: scarlite at Point2D.Double[13.501262402302043, 13.500001596686321] is looking to roam...
INFO: scarlite at Point2D.Double[3.5012624023016174, 15.499998403313814] is looking to roam...
INFO: scarlite at Point2D.Double[14.151149575125881, 3.7012576737970093] is looking to roam...
INFO: scarlite at Point2D.Double[14.18526240230138, 13.625000503172437] is looking to roam...
INFO: scarlite at Point2D.Double[14.18526240230138, 13.625000503172437] is ROAMING: 0.5
INFO: scarlite at Point2D.Double[14.27727149236965, 13.713458372079547] is looking to roam...
INFO: scarlite at Point2D.Double[4.163477330992556, 2.963284276738799] is looking to roam...
INFO: scarlite at Point2D.Double[4.163477330992556, 2.963284276738799] is ROAMING: 0.125
INFO: scarlite at Point2D.Double[14.444119154649382, 3.8881373207435885] is looking to roam...
INFO: scarlite at Point2D.Double[14.444119154649382, 3.8881373207435885] is ROAMING: 0.25
INFO: scarlite at Point2D.Double[4.2234229083342605, 3.0057583550100926] captured by [VacuumTower id (4) at 4,3:2-north]
INFO: scarlite at Point2D.Double[14.37775183507728, 13.820916971640646] is looking to roam...
INFO: scarlite at Point2D.Double[14.37775183507728, 13.820916971640646] is ROAMING: 0.25
INFO: scarlite at Point2D.Double[14.458654412634662, 3.9121782880852685] is looking to roam...
INFO: scarlite at Point2D.Double[14.458654412634662, 3.9121782880852685] is ROAMING: 0.125
INFO: scarlite at Point2D.Double[14.412637902004402, 13.854336611659093] is looking to roam...
INFO: scarlite at Point2D.Double[14.412637902004402, 13.854336611659093] is ROAMING: 0.125
INFO: scarlite at Point2D.Double[14.468435701735586, 3.939667640546025] is looking to roam...
INFO: scarlite at Point2D.Double[14.468435701735586, 3.939667640546025] is ROAMING: 0.0625
INFO: scarlite at Point2D.Double[4.5022624023002455, 15.500000003616975] is looking to roam...
INFO: scarlite at Point2D.Double[14.437054941667995, 13.880302232910772] is looking to roam...
INFO: scarlite at Point2D.Double[14.437054941667995, 13.880302232910772] is ROAMING: 0.0625
INFO: scarlite at Point2D.Double[14.475739613328347, 3.9629294821419645] is looking to roam...
INFO:   -- invalid goal! 12,-1
INFO: scarlite at Point2D.Double[14.565042145600874, 4.047567894837757] captured by [VacuumTower id (5) at 14,4:2-north]
INFO: scarlite at Point2D.Double[14.453057528550456, 13.908617605316323] is looking to roam...
INFO: scarlite at Point2D.Double[14.453057528550456, 13.908617605316323] is ROAMING: 0.03125
INFO: scarlite at Point2D.Double[14.464698841218592, 13.932284097337174] is looking to roam...
INFO: scarlite at Point2D.Double[14.599084933680444, 14.056557899145567] captured by [VacuumTower id (7) at 14,14:2-north]
INFO: scarlite at Point2D.Double[5.085262402300266, 15.375000001503505] is looking to roam...
INFO: scarlite at Point2D.Double[5.085262402300266, 15.375000001503505] is ROAMING: 0.5
INFO: scarlite at Point2D.Double[5.377143779554791, 15.07171087250748] is looking to roam...
INFO: scarlite at Point2D.Double[5.469643412594817, 14.981992849315123] captured by [VacuumTower id (6) at 4,13:2-south]
INFO: sqworm at Point2D.Double[15.400529727748332, 4.021863481163626] captured by [VacuumTower id (5) at 14,4:4-north]
INFO: sqworm at Point2D.Double[15.453726196279643, 14.016531835299286] captured by [VacuumTower id (7) at 14,14:4-north]
INFO: sqworm at Point2D.Double[5.4710879033379065, 4.965907133552472] captured by [VacuumTower id (4) at 4,3:4-south]
INFO: sqworm at Point2D.Double[5.565539724635846, 14.966370434374724] captured by [VacuumTower id (6) at 4,13:4-south]
INFO: scarabug at Point2D.Double[15.983642047260417, 14.437622712139195] captured by [VacuumTower id (7) at 14,14:4-east]
INFO: scarabug at Point2D.Double[15.998998263428128, 4.369475508513204] captured by [VacuumTower id (5) at 14,4:4-east]
INFO: scarlite at Point2D.Double[11.5, 14.5] is looking to roam...
INFO: scarlite at Point2D.Double[11.5, 14.5] is ROAMING: 0.5
INFO: scarlite at Point2D.Double[1.5, 14.5] is looking to roam...
INFO:   -- invalid goal! -2,17
INFO: scarlite at Point2D.Double[1.5, 4.5] is looking to roam...
INFO: scarlite at Point2D.Double[1.5, 4.5] is ROAMING: 0.5
INFO: scarlite at Point2D.Double[11.5, 4.5] is looking to roam...
INFO: scarlite at Point2D.Double[2.502677415722397, 15.502677415722374] is looking to roam...
INFO: scarlite at Point2D.Double[2.502677415722397, 15.502677415722374] is ROAMING: 0.5
INFO: scarlite at Point2D.Double[12.502677415722372, 3.497322584277626] is looking to roam...
INFO: scarlite at Point2D.Double[13.501673815797215, 3.5000044935318186] is looking to roam...
INFO: scarlite at Point2D.Double[13.500405083976439, 12.499594916023565] is looking to roam...
INFO: scarlite at Point2D.Double[13.500405083976439, 12.499594916023565] is ROAMING: 0.25
INFO: scarlite at Point2D.Double[14.082673815791193, 3.625001878412627] is looking to roam...
INFO: scarlite at Point2D.Double[14.082673815791193, 3.625001878412627] is ROAMING: 0.5
INFO: scarlite at Point2D.Double[14.177510866726493, 3.72159529871886] is looking to roam...
INFO: scarlite at Point2D.Double[14.177510866726493, 3.72159529871886] is looking to roam...
INFO: scarlite at Point2D.Double[14.278108448064689, 3.829739242569758] is looking to roam...
INFO: scarlite at Point2D.Double[14.373689301991359, 3.928945825528743] is looking to roam...
INFO:   -- invalid goal! 17,-1
INFO: scarlite at Point2D.Double[14.46620700085203, 4.018711248796098] captured by [VacuumTower id (5) at 14,4:2-north]
INFO: scarlite at Point2D.Double[4.5026738157873885, 5.500000012034953] is looking to roam...
INFO: scarlite at Point2D.Double[4.996285468139092, 5.411611657363583] is looking to roam...
INFO: scarlite at Point2D.Double[5.291366966900215, 5.209566517087442] is looking to roam...
INFO: scarlite at Point2D.Double[5.389571413926873, 5.108164961616385] is looking to roam...
INFO: scarlite at Point2D.Double[5.483872604185278, 5.016440861541833] is looking to roam...
INFO: scarlite at Point2D.Double[5.572363447109238, 4.933552269955758] captured by [VacuumTower id (4) at 4,3:2-south]
INFO: scarlite at Point2D.Double[15.060403038465672, 13.50786799066005] is looking to roam...
INFO: scarlite at Point2D.Double[15.123947413362043, 14.009150066417895] captured by [VacuumTower id (7) at 14,14:2-northeast]
INFO: scarlite at Point2D.Double[4.35756061060888, 12.846924905895484] is looking to roam...
INFO: scarlite at Point2D.Double[4.452289184127851, 12.943158652071595] is looking to roam...
INFO: scarlite at Point2D.Double[4.546231177314546, 13.0284232532928] captured by [VacuumTower id (6) at 4,13:2-north]
INFO: sqworm at Point2D.Double[15.400222581184064, 4.031955170078838] captured by [VacuumTower id (5) at 14,4:2-north]
INFO: sqworm at Point2D.Double[15.401132027780061, 14.02790093396315] captured by [VacuumTower id (7) at 14,14:4-north]
INFO: sqworm at Point2D.Double[5.466497386476949, 14.943911955455192] captured by [VacuumTower id (6) at 4,13:4-south]
INFO: sqworm at Point2D.Double[5.4709509997750665, 4.96667909032149] captured by [VacuumTower id (4) at 4,3:4-south]
INFO: scarlite at Point2D.Double[11.5, 14.5] is looking to roam...
INFO: scarlite at Point2D.Double[1.5, 14.5] is looking to roam...
INFO:   -- invalid goal! -2,10
INFO: scarlite at Point2D.Double[1.5, 4.5] is looking to roam...
INFO: scarlite at Point2D.Double[1.5, 4.5] is ROAMING: 0.5
INFO: scarlite at Point2D.Double[11.5, 4.5] is looking to roam...
INFO: scarlite at Point2D.Double[11.5, 4.5] is ROAMING: 0.5
INFO: scarabug at Point2D.Double[15.992634994223163, 14.465015460317435] captured by [VacuumTower id (7) at 14,14:4-east]
INFO: scarlite at Point2D.Double[12.501263202159999, 13.498736797840003] is looking to roam...
INFO: scarlite at Point2D.Double[2.501263202160014, 15.50126320216] is looking to roam...
INFO: scarlite at Point2D.Double[2.501263202160014, 15.50126320216] is ROAMING: 0.5
INFO: scarlite at Point2D.Double[3.2629682169002185, 5.086191521603546] is looking to roam...
INFO: scarlite at Point2D.Double[3.2629682169002185, 5.086191521603546] is ROAMING: 0.25
INFO: scarabug at Point2D.Double[15.983031289155488, 4.4824104685647725] captured by [VacuumTower id (5) at 14,4:4-east]
INFO: scarlite at Point2D.Double[3.505396107980677, 15.384717184855205] is looking to roam...
INFO: scarlite at Point2D.Double[3.505396107980677, 15.384717184855205] is ROAMING: 0.25
INFO: scarlite at Point2D.Double[13.500262403101924, 13.500000331887481] is looking to roam...
INFO: scarlite at Point2D.Double[13.500262403101924, 13.500000331887481] is ROAMING: 0.5
INFO: scarlite at Point2D.Double[4.502905563826264, 5.500553521993533] is looking to roam...
INFO: scarlite at Point2D.Double[4.502905563826264, 5.500553521993533] is ROAMING: 0.125
INFO: scarlite at Point2D.Double[4.973517130043135, 5.411854853942721] is looking to roam...
INFO: scarlite at Point2D.Double[4.973517130043135, 5.411854853942721] is ROAMING: 0.0625
INFO: scarlite at Point2D.Double[13.624999852600684, 14.939000297424982] is looking to roam...
INFO: scarlite at Point2D.Double[5.176362505438182, 15.375083467782321] is looking to roam...
INFO: scarlite at Point2D.Double[5.276915714996582, 15.259573043510578] is looking to roam...
INFO: scarlite at Point2D.Double[5.276915714996582, 15.259573043510578] is ROAMING: 0.125
INFO: scarlite at Point2D.Double[11.5, 8.501000000000175] is looking to roam...
INFO: scarlite at Point2D.Double[5.344933098618805, 15.20787812877203] is looking to roam...
INFO: scarlite at Point2D.Double[14.035010683325382, 14.550570141770049] captured by [VacuumTower id (7) at 14,14:2-west]
INFO: scarlite at Point2D.Double[5.720638192685433, 14.964397637811093] captured by [VacuumTower id (6) at 4,13:2-south]
INFO: scarlite at Point2D.Double[3.770062515498414, 5.411656550538218] is looking to roam...
INFO: scarlite at Point2D.Double[13.501319106476874, 6.498680761464255] is looking to roam...
INFO: scarlite at Point2D.Double[5.43664242987983, 4.927398941838128] captured by [VacuumTower id (4) at 4,3:2-south]
INFO: scarlite at Point2D.Double[14.40251126956186, 6.0764163358475205] is looking to roam...
INFO: scarlite at Point2D.Double[14.40251126956186, 6.0764163358475205] is ROAMING: 0.25
INFO: scarlite at Point2D.Double[14.47002213839648, 6.244747688739048] is looking to roam...
INFO: scarlite at Point2D.Double[15.401099503360054, 5.965095517134666] captured by [VacuumTower id (5) at 14,4:2-south]
INFO: sqworm at Point2D.Double[14.370900339534135, 4.020370620657779] captured by [VacuumTower id (5) at 14,4:2-north]
INFO: sqworm at Point2D.Double[15.400108020750967, 14.045390753317669] captured by [VacuumTower id (7) at 14,14:4-north]
INFO: sqworm at Point2D.Double[5.46827023180189, 14.942656138618347] captured by [VacuumTower id (6) at 4,13:4-south]
INFO: sqworm at Point2D.Double[5.782134090755397, 4.933824142911824] captured by [VacuumTower id (4) at 4,3:4-south]
INFO: scarabug at Point2D.Double[5.992655842426634, 4.918250815105933] captured by [VacuumTower id (4) at 4,3:4-east]
INFO: scarabug at Point2D.Double[5.993577780528442, 14.578067778705556] captured by [VacuumTower id (6) at 4,13:4-east]
INFO: scarabug at Point2D.Double[15.994723861145523, 4.361113951547464] captured by [VacuumTower id (5) at 14,4:4-east]
INFO: scarabug at Point2D.Double[15.98408655970778, 14.332869999596156] captured by [VacuumTower id (7) at 14,14:4-east]
INFO: scarlite at Point2D.Double[11.5, 14.5] is looking to roam...
INFO: scarlite at Point2D.Double[1.5, 14.5] is looking to roam...
INFO:   -- invalid goal! -2,18
INFO: scarlite at Point2D.Double[1.5, 4.5] is looking to roam...
INFO: scarlite at Point2D.Double[1.5, 4.5] is ROAMING: 0.5
INFO: scarlite at Point2D.Double[11.5, 4.5] is looking to roam...
INFO: scarlite at Point2D.Double[12.501970308941186, 13.498029691058818] is looking to roam...
INFO: scarlite at Point2D.Double[2.501970308941214, 15.501970308941186] is looking to roam...
INFO:   -- invalid goal! -2,20
INFO: scarlite at Point2D.Double[12.501970308941186, 3.4980296910588127] is looking to roam...
INFO: scarlite at Point2D.Double[3.5607452854628123, 15.32345237376444] is looking to roam...
INFO: scarlite at Point2D.Double[13.502968358267509, 13.500005860129168] is looking to roam...
INFO: scarlite at Point2D.Double[13.502968358267509, 3.5000058601291357] is looking to roam...
INFO: scarlite at Point2D.Double[13.502968358267509, 3.5000058601291357] is ROAMING: 0.5
INFO: scarlite at Point2D.Double[14.153555952687139, 13.753239170641415] is looking to roam...
INFO: scarlite at Point2D.Double[14.153555952687139, 13.753239170641415] is ROAMING: 0.5
INFO: scarlite at Point2D.Double[14.23428745783053, 13.81922710342387] is looking to roam...
INFO: scarlite at Point2D.Double[14.083968358257618, 3.62500244525755] is looking to roam...
INFO: scarlite at Point2D.Double[4.502204149823405, 15.5004503616907] is looking to roam...
INFO: scarlite at Point2D.Double[4.502204149823405, 15.5004503616907] is ROAMING: 0.5
INFO: scarlite at Point2D.Double[14.426280202877361, 14.010545599999588] captured by [VacuumTower id (7) at 14,14:2-north]
INFO: scarlite at Point2D.Double[14.284189734015825, 3.732327584876707] is looking to roam...
INFO: scarlite at Point2D.Double[14.38241251548041, 3.83855832273443] is looking to roam...
INFO: scarlite at Point2D.Double[14.477160391254412, 3.934855708980253] is looking to roam...
INFO: scarlite at Point2D.Double[14.477160391254412, 3.934855708980253] is ROAMING: 0.25
INFO: scarlite at Point2D.Double[14.482352938816785, 3.960991977259205] is looking to roam...
INFO: scarlite at Point2D.Double[14.482352938816785, 3.960991977259205] is ROAMING: 0.125
INFO: scarlite at Point2D.Double[14.486254704815575, 3.9840666309409745] is looking to roam...
INFO: scarlite at Point2D.Double[14.486254704815575, 3.9840666309409745] is ROAMING: 0.0625
INFO: scarlite at Point2D.Double[14.489064722830022, 4.010106518780759] captured by [VacuumTower id (5) at 14,4:2-north]
INFO: scarlite at Point2D.Double[2.4982042512962845, 15.500000002262304] is looking to roam...
INFO: scarlite at Point2D.Double[2.4982042512962845, 15.500000002262304] is ROAMING: 0.25
INFO: scarlite at Point2D.Double[5.5019697760081865, 6.498029222805366] is looking to roam...
INFO: scarlite at Point2D.Double[6.347207076672303, 4.841708377675344] is looking to roam...
INFO: scarlite at Point2D.Double[6.347207076672303, 4.841708377675344] is ROAMING: 0.25
INFO: scarlite at Point2D.Double[6.262618431838543, 4.751331818913499] is looking to roam...
INFO: scarlite at Point2D.Double[6.262618431838543, 4.751331818913499] is ROAMING: 0.125
INFO: scarlite at Point2D.Double[4.5002139137498025, 17.50021391443396] is looking to roam...
INFO: scarlite at Point2D.Double[4.5002139137498025, 17.50021391443396] is ROAMING: 0.125
INFO: scarlite at Point2D.Double[6.205596072930678, 4.679359322002899] is looking to roam...
INFO: scarlite at Point2D.Double[5.978101475742568, 4.591899124652267] captured by [VacuumTower id (4) at 4,3:2-east]
INFO: sqworm at Point2D.Double[4.438116322944999, 14.979904329510255] captured by [VacuumTower id (6) at 4,13:4-south]
INFO: sqworm at Point2D.Double[4.464532642919396, 4.920953559557063] captured by [VacuumTower id (4) at 4,3:4-south]
INFO: sqworm at Point2D.Double[14.599974207943465, 14.048833898514456] captured by [VacuumTower id (7) at 14,14:2-north]
INFO: sqworm at Point2D.Double[14.599525462178871, 4.036781750937751] captured by [VacuumTower id (5) at 14,4:2-north]
INFO: scarlite at Point2D.Double[3.500000884695149, 12.499999999997605] is looking to roam...
INFO: scarlite at Point2D.Double[4.490602994952829, 13.032227267289812] captured by [VacuumTower id (6) at 4,13:2-north]
INFO: scarabug at Point2D.Double[5.981303092092567, 4.700200037947846] captured by [VacuumTower id (4) at 4,3:4-east]
INFO: scarabug at Point2D.Double[15.989937337056901, 4.083551083662824] captured by [VacuumTower id (5) at 14,4:4-east]
INFO: scarabug at Point2D.Double[5.988954514338973, 14.725888692415538] captured by [VacuumTower id (6) at 4,13:4-east]
INFO: scarabug at Point2D.Double[15.986464463653345, 14.418783216621847] captured by [VacuumTower id (7) at 14,14:4-east]
INFO: scarlite at Point2D.Double[11.5, 14.5] is looking to roam...
INFO: scarlite at Point2D.Double[11.5, 14.5] is ROAMING: 0.5
INFO: scarlite at Point2D.Double[1.5, 14.5] is looking to roam...
INFO: scarlite at Point2D.Double[1.5, 14.5] is ROAMING: 0.5
INFO: scarlite at Point2D.Double[1.5, 4.5] is looking to roam...
INFO: scarlite at Point2D.Double[11.5, 4.5] is looking to roam...
INFO: scarlite at Point2D.Double[2.501970308941199, 5.5019703089411856] is looking to roam...
INFO: scarlite at Point2D.Double[12.501970308941186, 3.4980296910588162] is looking to roam...
INFO: scarlite at Point2D.Double[12.501970308941186, 3.4980296910588162] is ROAMING: 0.5
INFO: scarlite at Point2D.Double[13.225491557497344, 13.951285137799339] is looking to roam...
INFO: scarlite at Point2D.Double[13.225491557497344, 13.951285137799339] is ROAMING: 0.25
INFO: scarlite at Point2D.Double[13.365329096826425, 13.955092277869369] is looking to roam...
INFO: scarlite at Point2D.Double[1.5, 12.499999999999922] is looking to roam...
INFO: scarlite at Point2D.Double[1.5, 12.499999999999922] is ROAMING: 0.25
INFO: scarlite at Point2D.Double[3.456862847883408, 5.360678960749633] is looking to roam...
INFO: scarlite at Point2D.Double[3.456862847883408, 5.360678960749633] is ROAMING: 0.5
INFO: scarlite at Point2D.Double[13.707570149541827, 13.894361440188092] is looking to roam...
INFO: scarlite at Point2D.Double[13.7057796230884, 13.850698755179266] is looking to roam...
INFO: scarlite at Point2D.Double[13.579059105675551, 4.306095114882281] is looking to roam...
INFO: scarlite at Point2D.Double[13.792638786776052, 4.11017658734678] is looking to roam...
INFO: scarlite at Point2D.Double[14.242500512111409, 14.068982123124187] captured by [VacuumTower id (7) at 14,14:2-north]
INFO: scarlite at Point2D.Double[14.360871171114159, 4.003438539667918] captured by [VacuumTower id (5) at 14,4:2-north]
INFO: scarlite at Point2D.Double[3.1278599731784773, 3.048815187552462] is looking to roam...
INFO: scarlite at Point2D.Double[4.206219420445625, 2.9080085615516165] is looking to roam...
INFO: scarlite at Point2D.Double[4.206219420445625, 2.9080085615516165] is ROAMING: 0.25
INFO: scarlite at Point2D.Double[4.264067457683928, 2.9526680077342533] is looking to roam...
INFO: scarlite at Point2D.Double[4.357028538582417, 3.0436204316357287] captured by [VacuumTower id (4) at 4,3:2-north]
INFO: scarlite at Point2D.Double[6.348129188752607, 14.750126881907732] is looking to roam...
INFO: scarlite at Point2D.Double[6.348129188752607, 14.750126881907732] is ROAMING: 0.125
INFO: scarlite at Point2D.Double[6.273991018547761, 14.66635890312174] is looking to roam...
INFO: sqworm at Point2D.Double[4.505420381315088, 4.968252791029812] captured by [VacuumTower id (4) at 4,3:4-south]
INFO: sqworm at Point2D.Double[14.599463338929649, 4.001810738381037] captured by [VacuumTower id (5) at 14,4:2-north]
INFO: scarlite at Point2D.Double[6.1968970687427944, 14.587050507749286] is looking to roam...
INFO: sqworm at Point2D.Double[15.475563765409213, 14.080622627459132] captured by [VacuumTower id (7) at 14,14:4-north]
INFO: scarlite at Point2D.Double[5.993897910000463, 14.54800663186894] captured by [VacuumTower id (6) at 4,13:2-east]
INFO: sqworm at Point2D.Double[5.991895900736116, 14.644667680522701] captured by [VacuumTower id (6) at 4,13:4-east]
INFO: scarabug at Point2D.Double[5.99977651378453, 14.815013726152262] captured by [VacuumTower id (6) at 4,13:4-east]
INFO: scarabug at Point2D.Double[5.987108776456445, 4.702666607499678] captured by [VacuumTower id (4) at 4,3:4-east]
INFO: scarlite at Point2D.Double[11.5, 14.5] is looking to roam...
INFO: scarlite at Point2D.Double[11.5, 14.5] is ROAMING: 0.5
INFO: scarlite at Point2D.Double[1.5, 14.5] is looking to roam...
INFO: scarlite at Point2D.Double[1.5, 4.5] is looking to roam...
INFO:   -- invalid goal! -2,4
INFO: scarlite at Point2D.Double[11.5, 4.5] is looking to roam...
INFO: scarabug at Point2D.Double[15.986158087807166, 4.437009383475754] captured by [VacuumTower id (5) at 14,4:4-east]
INFO: scarabug at Point2D.Double[15.979029159884245, 14.437175120417805] captured by [VacuumTower id (7) at 14,14:4-east]
INFO: scarlite at Point2D.Double[2.500556095378819, 15.500556095378812] is looking to roam...
INFO:   -- invalid goal! -1,14
INFO: scarlite at Point2D.Double[2.500556095378819, 5.500556095378812] is looking to roam...
INFO: scarlite at Point2D.Double[12.500556095378812, 3.499443904621188] is looking to roam...
INFO: scarlite at Point2D.Double[13.50531237349481, 3.6309961227713927] is looking to roam...
INFO: scarlite at Point2D.Double[3.501555940430909, 15.499999134267227] is looking to roam...
INFO: scarlite at Point2D.Double[3.501555940430909, 15.499999134267227] is ROAMING: 0.5
INFO: scarlite at Point2D.Double[3.501555940430909, 5.499999134267226] is looking to roam...
INFO: scarlite at Point2D.Double[14.249394196283912, 3.7663119670607585] is looking to roam...
INFO: scarlite at Point2D.Double[14.249394196283912, 3.7663119670607585] is ROAMING: 0.5
INFO: scarlite at Point2D.Double[14.31792475633813, 3.8184864060354684] is looking to roam...
INFO: scarlite at Point2D.Double[14.414481503958239, 3.9174711318869804] is looking to roam...
INFO: scarlite at Point2D.Double[14.414481503958239, 3.9174711318869804] is ROAMING: 0.25
INFO: scarlite at Point2D.Double[14.434348977226104, 3.945485135444436] is looking to roam...
INFO: scarlite at Point2D.Double[14.434348977226104, 3.945485135444436] is ROAMING: 0.125
INFO: scarlite at Point2D.Double[14.448782687580884, 3.9725429688082183] is looking to roam...
INFO: scarlite at Point2D.Double[14.448782687580884, 3.9725429688082183] is ROAMING: 0.0625
INFO: scarlite at Point2D.Double[14.45977374685205, 3.9961368712790595] is looking to roam...
INFO: scarlite at Point2D.Double[14.45977374685205, 3.9961368712790595] is ROAMING: 0.03125
INFO: scarlite at Point2D.Double[4.501555940430489, 5.500000001349154] is looking to roam...
INFO: scarlite at Point2D.Double[14.467693494516592, 4.02345740774178] captured by [VacuumTower id (5) at 14,4:2-north]
INFO: scarlite at Point2D.Double[5.239555940430519, 5.375000000351978] is looking to roam...
INFO: scarlite at Point2D.Double[5.239555940430519, 5.375000000351978] is ROAMING: 0.5
INFO: scarlite at Point2D.Double[5.327906940122643, 5.2924040196591395] is looking to roam...
INFO: scarlite at Point2D.Double[5.327906940122643, 5.2924040196591395] is ROAMING: 0.25
INFO: scarlite at Point2D.Double[5.393003816189578, 5.24593042748681] is looking to roam...
INFO: scarlite at Point2D.Double[12.50134988521573, 18.501345835559917] is looking to roam...
INFO: scarlite at Point2D.Double[12.50134988521573, 18.501345835559917] is ROAMING: 0.25
INFO: scarlite at Point2D.Double[5.583786025396023, 5.051381193030924] is looking to roam...
INFO: scarlite at Point2D.Double[5.583786025396023, 5.051381193030924] is ROAMING: 0.125
INFO: scarlite at Point2D.Double[5.5656106197419675, 5.023698481470923] is looking to roam...
INFO: scarlite at Point2D.Double[5.5656106197419675, 5.023698481470923] is ROAMING: 0.0625
INFO: scarlite at Point2D.Double[5.55169153889709, 4.999744308640709] captured by [VacuumTower id (4) at 4,3:2-south]
INFO: scarlite at Point2D.Double[11.499377550189507, 17.499377552706644] is looking to roam...
INFO:   -- invalid goal! 9,20
INFO: scarlite at Point2D.Double[14.005556091509266, 16.37500070432494] is looking to roam...
INFO: scarlite at Point2D.Double[14.005556091509266, 16.37500070432494] is ROAMING: 0.125
INFO: scarlite at Point2D.Double[14.100566954357358, 16.27402019517827] is looking to roam...
INFO: scarlite at Point2D.Double[14.100566954357358, 16.27402019517827] is ROAMING: 0.0625
INFO: scarlite at Point2D.Double[4.304542830005426, 12.740480929852477] is looking to roam...
INFO: scarlite at Point2D.Double[4.599730357261972, 13.015222326730157] captured by [VacuumTower id (6) at 4,13:2-north]
INFO: scarlite at Point2D.Double[14.015384192437054, 16.375168126552662] is looking to roam...
INFO:   -- invalid goal! 14,20
INFO: scarlite at Point2D.Double[14.500486045551622, 15.98109847446959] captured by [VacuumTower id (7) at 14,14:4-south]
INFO: sqworm at Point2D.Double[4.567466168098338, 14.973383616056704] captured by [VacuumTower id (6) at 4,13:4-south]
INFO: sqworm at Point2D.Double[4.567466168098338, 4.973383616056703] captured by [VacuumTower id (4) at 4,3:4-south]
INFO: sqworm at Point2D.Double[15.400932110275235, 14.02984193501102] captured by [VacuumTower id (7) at 14,14:4-north]
INFO: sqworm at Point2D.Double[15.400439563268133, 4.078400807945618] captured by [VacuumTower id (5) at 14,4:4-north]
INFO: scarabug at Point2D.Double[5.99301700476429, 4.839114761804291] captured by [VacuumTower id (4) at 4,3:4-east]
INFO: scarabug at Point2D.Double[15.992542370411705, 14.10569735399563] captured by [VacuumTower id (7) at 14,14:4-east]
INFO: scarabug at Point2D.Double[15.977533707860314, 4.395065613332987] captured by [VacuumTower id (5) at 14,4:4-east]
INFO: scarlite at Point2D.Double[11.5, 14.5] is looking to roam...
INFO: scarlite at Point2D.Double[11.5, 14.5] is ROAMING: 0.5
INFO: scarlite at Point2D.Double[1.5, 14.5] is looking to roam...
INFO:   -- invalid goal! -2,12
INFO: scarlite at Point2D.Double[1.5, 4.5] is looking to roam...
INFO: scarlite at Point2D.Double[11.5, 4.5] is looking to roam...
INFO: scarlite at Point2D.Double[11.5, 4.5] is ROAMING: 0.5
INFO: scarabug at Point2D.Double[5.988307003427414, 14.553344254088422] captured by [VacuumTower id (6) at 4,13:4-east]
INFO: scarlite at Point2D.Double[2.500556095378826, 15.500556095378812] is looking to roam...
INFO: scarlite at Point2D.Double[2.500556095378826, 15.500556095378812] is ROAMING: 0.5
INFO: scarlite at Point2D.Double[2.500556095378826, 5.500556095378812] is looking to roam...
INFO: scarlite at Point2D.Double[3.4766090312238482, 5.321118020222389] is looking to roam...
INFO: scarlite at Point2D.Double[13.250089283436452, 16.073312588139814] is looking to roam...
INFO:   -- invalid goal! 15,21
INFO: scarlite at Point2D.Double[4.256276966413639, 5.069128045700317] is looking to roam...
INFO: scarlite at Point2D.Double[4.350767293748006, 4.976863012329998] captured by [VacuumTower id (4) at 4,3:4-south]
INFO: scarlite at Point2D.Double[3.67033378174267, 13.76456720725453] is looking to roam...
INFO: scarlite at Point2D.Double[3.883468062132552, 13.568266679335867] is looking to roam...
INFO: scarlite at Point2D.Double[3.974682545535048, 13.474146868093843] is looking to roam...
INFO: scarlite at Point2D.Double[4.055878281537144, 13.384251448546493] captured by [VacuumTower id (6) at 4,13:2-west]
INFO: scarlite at Point2D.Double[13.499999430625717, 7.501405001781475] is looking to roam...
INFO: scarlite at Point2D.Double[14.738460246123335, 16.00606739375619] is looking to roam...
INFO: scarlite at Point2D.Double[15.400436157696152, 15.938160651433975] captured by [VacuumTower id (7) at 14,14:2-south]
INFO: scarlite at Point2D.Double[15.01278032043857, 6.002823372877954] is looking to roam...
INFO: scarlite at Point2D.Double[15.01278032043857, 6.002823372877954] is ROAMING: 0.25
INFO: scarlite at Point2D.Double[15.400372958489665, 5.948531397687811] captured by [VacuumTower id (5) at 14,4:2-south]
INFO: sqworm at Point2D.Double[4.5723660159404025, 14.973880951993621] captured by [VacuumTower id (6) at 4,13:4-south]
INFO: sqworm at Point2D.Double[14.570237268741455, 4.0046307998328015] captured by [VacuumTower id (5) at 14,4:2-north]
INFO: sqworm at Point2D.Double[4.599616661953906, 4.948202935948585] captured by [VacuumTower id (4) at 4,3:4-south]
INFO: sqworm at Point2D.Double[15.43924554349497, 14.01511985649747] captured by [VacuumTower id (7) at 14,14:4-north]
INFO: scarabug at Point2D.Double[5.988772782833701, 14.786255084477851] captured by [VacuumTower id (6) at 4,13:4-east]
INFO: scarabug at Point2D.Double[5.990046288961393, 4.796978613471419] captured by [VacuumTower id (4) at 4,3:4-east]
INFO: scarlite at Point2D.Double[11.5, 14.5] is looking to roam...
INFO: scarlite at Point2D.Double[11.5, 14.5] is ROAMING: 0.5
INFO: scarlite at Point2D.Double[1.5, 14.5] is looking to roam...
INFO: scarlite at Point2D.Double[1.5, 14.5] is ROAMING: 0.5
INFO: scarlite at Point2D.Double[1.5, 4.5] is looking to roam...
INFO:   -- invalid goal! -1,2
INFO: scarlite at Point2D.Double[11.5, 4.5] is looking to roam...
INFO: scarlite at Point2D.Double[11.5, 4.5] is ROAMING: 0.5
INFO: scarabug at Point2D.Double[15.981139375523561, 14.396003008962438] captured by [VacuumTower id (7) at 14,14:4-east]
INFO: scarabug at Point2D.Double[15.976287586552075, 4.3866862889112195] captured by [VacuumTower id (5) at 14,4:4-east]
INFO: scarlite at Point2D.Double[2.5012632021600005, 5.501263202159999] is looking to roam...
INFO: scarlite at Point2D.Double[2.5012632021600005, 5.501263202159999] is ROAMING: 0.5
INFO: scarlite at Point2D.Double[13.178671498536623, 6.001894803239985] is looking to roam...
INFO: scarlite at Point2D.Double[13.178671498536623, 6.001894803239985] is ROAMING: 0.25
INFO: scarlite at Point2D.Double[13.429145205372802, 6.164761975604646] is looking to roam...
INFO: scarlite at Point2D.Double[13.429145205372802, 6.164761975604646] is looking to roam...
INFO: scarlite at Point2D.Double[13.429145205372802, 6.164761975604646] is ROAMING: 0.125
INFO: scarlite at Point2D.Double[13.558891222981128, 6.272050767999566] is looking to roam...
INFO: scarlite at Point2D.Double[4.0352627750357115, 15.37558779957611] is looking to roam...
INFO: scarlite at Point2D.Double[14.599302293480246, 5.9921217493772225] captured by [VacuumTower id (5) at 14,4:4-south]
INFO: scarlite at Point2D.Double[4.633110064780022, 15.301367895532504] is looking to roam...
INFO: scarlite at Point2D.Double[4.633110064780022, 15.301367895532504] is ROAMING: 0.25
INFO: scarlite at Point2D.Double[3.6251556196072503, 3.7804441121477286] is looking to roam...
INFO: scarlite at Point2D.Double[3.6251556196072503, 3.7804441121477286] is ROAMING: 0.25
INFO: scarlite at Point2D.Double[3.709809649464183, 3.6900383452231864] is looking to roam...
INFO: scarlite at Point2D.Double[4.5223282508528175, 15.341680900777092] is looking to roam...
INFO: scarlite at Point2D.Double[4.00108279408559, 3.4032183235187716] captured by [VacuumTower id (4) at 4,3:2-west]
INFO: scarlite at Point2D.Double[4.716715034547213, 15.136764876797457] is looking to roam...
INFO: scarlite at Point2D.Double[4.716715034547213, 15.136764876797457] is ROAMING: 0.125
INFO: scarlite at Point2D.Double[12.500556095378641, 12.500556095378535] is looking to roam...
INFO: scarlite at Point2D.Double[12.500556095378641, 12.500556095378535] is ROAMING: 0.25
INFO: scarlite at Point2D.Double[4.552775648784454, 15.430407052074575] is looking to roam...
INFO: scarlite at Point2D.Double[4.552775648784454, 15.430407052074575] is ROAMING: 0.0625
INFO: scarlite at Point2D.Double[4.255424618738137, 15.32506321981883] is looking to roam...
INFO: scarlite at Point2D.Double[4.599498989459557, 14.946790459828279] captured by [VacuumTower id (6) at 4,13:4-south]
INFO: scarlite at Point2D.Double[15.010121500512408, 13.286677134550036] is looking to roam...
INFO: scarlite at Point2D.Double[15.291891483377775, 13.90324111969485] is looking to roam...
INFO: scarlite at Point2D.Double[15.291891483377775, 13.90324111969485] is ROAMING: 0.125
INFO: scarlite at Point2D.Double[15.24890604000846, 13.903654605689166] is looking to roam...
INFO: scarlite at Point2D.Double[15.262936853240667, 14.014267238760297] captured by [VacuumTower id (7) at 14,14:2-northeast]
INFO: sqworm at Point2D.Double[4.469082896182177, 14.966077359256179] captured by [VacuumTower id (6) at 4,13:4-south]
INFO: sqworm at Point2D.Double[4.469082896182177, 4.966077359256179] captured by [VacuumTower id (4) at 4,3:4-south]
INFO: sqworm at Point2D.Double[15.400292112958127, 4.018547113666267] captured by [VacuumTower id (5) at 14,4:4-north]
INFO: sqworm at Point2D.Double[15.411424900117815, 14.01932796700915] captured by [VacuumTower id (7) at 14,14:4-north]
INFO: scarabug at Point2D.Double[5.991475730288734, 4.83552806393374] captured by [VacuumTower id (4) at 4,3:4-east]
INFO: scarabug at Point2D.Double[5.981305353124185, 14.629616350322546] captured by [VacuumTower id (6) at 4,13:4-east]
INFO: scarabug at Point2D.Double[15.985008434658731, 4.317101691643238] captured by [VacuumTower id (5) at 14,4:4-east]
INFO: scarabug at Point2D.Double[15.994520688122645, 14.27140816615065] captured by [VacuumTower id (7) at 14,14:4-east]
INFO: scarlite at Point2D.Double[11.5, 14.5] is looking to roam...
INFO: scarlite at Point2D.Double[1.5, 14.5] is looking to roam...
INFO: scarlite at Point2D.Double[1.5, 4.5] is looking to roam...
INFO: scarlite at Point2D.Double[11.5, 4.5] is looking to roam...
INFO: scarlite at Point2D.Double[11.5, 4.5] is ROAMING: 0.5
INFO: scarlite at Point2D.Double[12.501970308941186, 13.498029691058818] is looking to roam...
INFO: scarlite at Point2D.Double[12.501970308941186, 13.498029691058818] is ROAMING: 0.5
INFO: scarlite at Point2D.Double[2.5019703089412033, 15.501970308941186] is looking to roam...
INFO:   -- invalid goal! 1,20
INFO: scarlite at Point2D.Double[2.5019703089412033, 5.5019703089411856] is looking to roam...
INFO: scarlite at Point2D.Double[2.5019703089412033, 5.5019703089411856] is ROAMING: 0.5
INFO: scarlite at Point2D.Double[3.4568886897304587, 15.360233291426606] is looking to roam...
INFO: scarlite at Point2D.Double[13.456888689730103, 3.6397667085734913] is looking to roam...
INFO: scarlite at Point2D.Double[13.456888689730103, 3.6397667085734913] is ROAMING: 0.25
INFO: scarlite at Point2D.Double[13.472397618913956, 3.7936729191622227] is looking to roam...
INFO: scarlite at Point2D.Double[13.472397618913956, 3.7936729191622227] is ROAMING: 0.125
INFO: scarlite at Point2D.Double[13.570424478336104, 3.7795132337197543] is looking to roam...
INFO: scarlite at Point2D.Double[11.498027757650428, 12.498035514221083] is looking to roam...
INFO: scarlite at Point2D.Double[14.353174789595759, 4.023378067753088] captured by [VacuumTower id (5) at 14,4:2-north]
INFO: scarlite at Point2D.Double[4.501616924972486, 15.50118109328308] is looking to roam...
INFO: scarlite at Point2D.Double[4.50761692077398, 15.37617399525136] is looking to roam...
INFO: scarlite at Point2D.Double[4.50761692077398, 15.37617399525136] is ROAMING: 0.5
INFO: scarlite at Point2D.Double[4.2118419401251375, 15.287521771279401] is looking to roam...
INFO: scarlite at Point2D.Double[4.4080544923806535, 15.079946613373068] is looking to roam...
INFO: scarlite at Point2D.Double[4.4080544923806535, 15.079946613373068] is ROAMING: 0.25
INFO: scarlite at Point2D.Double[4.4294372365711965, 15.052633758130632] is looking to roam...
INFO: scarlite at Point2D.Double[4.4294372365711965, 15.052633758130632] is ROAMING: 0.125
INFO: scarlite at Point2D.Double[4.491914291013497, 15.323736797336565] is looking to roam...
INFO: scarlite at Point2D.Double[4.491914291013497, 15.323736797336565] is ROAMING: 0.0625
INFO: scarlite at Point2D.Double[4.49645093997852, 15.297632797337446] is looking to roam...
INFO: scarlite at Point2D.Double[4.49645093997852, 15.297632797337446] is ROAMING: 0.03125
INFO: scarlite at Point2D.Double[12.500709054395372, 13.500709048906362] is looking to roam...
INFO: scarlite at Point2D.Double[12.500709054395372, 13.500709048906362] is ROAMING: 0.25
INFO: scarlite at Point2D.Double[6.5004753539728295, 8.500475950986079] is looking to roam...
INFO: scarlite at Point2D.Double[6.5004753539728295, 8.500475950986079] is ROAMING: 0.25
INFO: scarlite at Point2D.Double[14.283714011236025, 14.015947906976521] captured by [VacuumTower id (7) at 14,14:2-north]
INFO: scarlite at Point2D.Double[5.783019016579939, 14.939904238719745] captured by [VacuumTower id (6) at 4,13:2-south]
INFO: sqworm at Point2D.Double[4.238244002379206, 14.997337200822642] captured by [VacuumTower id (6) at 4,13:4-south]
INFO: scarlite at Point2D.Double[6.375000844411106, 4.974000494581446] is looking to roam...
INFO: scarlite at Point2D.Double[6.342155102814111, 4.935172764050472] is looking to roam...
INFO: scarlite at Point2D.Double[6.342155102814111, 4.935172764050472] is ROAMING: 0.125
INFO: scarlite at Point2D.Double[6.2515941095351675, 4.840225648159212] is looking to roam...
INFO: scarlite at Point2D.Double[6.2515941095351675, 4.840225648159212] is ROAMING: 0.0625
INFO: scarlite at Point2D.Double[6.185561634821543, 4.759461603178799] is looking to roam...
INFO: scarlite at Point2D.Double[6.185561634821543, 4.759461603178799] is ROAMING: 0.03125
INFO: scarlite at Point2D.Double[6.138464260529407, 4.69517956130222] is looking to roam...
INFO: sqworm at Point2D.Double[14.569523893941778, 14.026892183230323] captured by [VacuumTower id (7) at 14,14:2-north]
INFO: scarlite at Point2D.Double[5.9844347591914495, 4.626568874726317] captured by [VacuumTower id (4) at 4,3:2-east]
INFO: sqworm at Point2D.Double[15.400503505796891, 4.037857088594974] captured by [VacuumTower id (5) at 14,4:4-north]
INFO: sqworm at Point2D.Double[5.539037661877034, 4.970895099998399] captured by [VacuumTower id (4) at 4,3:4-south]
